2026-03-29 05:25:07,915 | INFO | Aligned rows: 620 | actual_sales: 620 | pred_sales: 620
2026-03-29 05:25:09,711 | INFO | 🔥 Top drift features: [('sell_price', 9.1983), ('rmean_28', 0.5401), ('rmean_7', 0.4495)]
2026-03-29 05:25:09,713 | INFO | 📊 PSI:2.0848 | KS:0.2742 | MAE:0.946434 | Score:0.8256 → HIGH
2026-03-29 05:25:09,785 | INFO | 📝 Drift logged → C:\Users\balan\OneDrive\Desktop\forecasting\reports\drift_history.csv
2026-03-29 05:25:09,849 | WARNING | ⚠️ Continuous drift trend detected (3-run avg > 0.25) — consider full retrain
2026-03-29 05:25:11,101 | INFO | Using categorical units to plot a list of strings that are all parsable as floats or dates. If these strings should be plotted as numbers, cast to the appropriate data type before plotting.
2026-03-29 05:25:11,105 | INFO | Using categorical units to plot a list of strings that are all parsable as floats or dates. If these strings should be plotted as numbers, cast to the appropriate data type before plotting.
2026-03-29 05:25:11,118 | INFO | Using categorical units to plot a list of strings that are all parsable as floats or dates. If these strings should be plotted as numbers, cast to the appropriate data type before plotting.
2026-03-29 05:25:11,119 | INFO | Using categorical units to plot a list of strings that are all parsable as floats or dates. If these strings should be plotted as numbers, cast to the appropriate data type before plotting.
2026-03-29 05:25:11,121 | INFO | Using categorical units to plot a list of strings that are all parsable as floats or dates. If these strings should be plotted as numbers, cast to the appropriate data type before plotting.
2026-03-29 05:25:11,128 | INFO | Using categorical units to plot a list of strings that are all parsable as floats or dates. If these strings should be plotted as numbers, cast to the appropriate data type before plotting.
2026-03-29 05:28:12,708 | INFO | Aligned rows: 620 | actual_sales: 620 | pred_sales: 620
2026-03-29 05:28:14,297 | INFO | 🔥 Top drift features: [('sell_price', 9.1983), ('rmean_28', 0.5401), ('rmean_7', 0.4495)]
2026-03-29 05:28:14,297 | INFO | 📊 PSI:2.0848 | KS:0.2742 | MAE:0.946434 | Score:0.8256 → HIGH
2026-03-29 05:28:14,315 | INFO | 📝 Drift logged → C:\Users\balan\OneDrive\Desktop\forecasting\reports\drift_history.csv
2026-03-29 05:28:14,398 | WARNING | ⚠️ Continuous drift trend detected (3-run avg > 0.25) — consider full retrain
2026-03-29 05:28:15,524 | INFO | Using categorical units to plot a list of strings that are all parsable as floats or dates. If these strings should be plotted as numbers, cast to the appropriate data type before plotting.
2026-03-29 05:28:15,535 | INFO | Using categorical units to plot a list of strings that are all parsable as floats or dates. If these strings should be plotted as numbers, cast to the appropriate data type before plotting.
2026-03-29 05:28:15,545 | INFO | Using categorical units to plot a list of strings that are all parsable as floats or dates. If these strings should be plotted as numbers, cast to the appropriate data type before plotting.
2026-03-29 05:28:15,547 | INFO | Using categorical units to plot a list of strings that are all parsable as floats or dates. If these strings should be plotted as numbers, cast to the appropriate data type before plotting.
2026-03-29 05:28:15,548 | INFO | Using categorical units to plot a list of strings that are all parsable as floats or dates. If these strings should be plotted as numbers, cast to the appropriate data type before plotting.
2026-03-29 05:28:15,553 | INFO | Using categorical units to plot a list of strings that are all parsable as floats or dates. If these strings should be plotted as numbers, cast to the appropriate data type before plotting.
2026-03-29 05:34:40,971 | INFO | 🔧 Bootstrapping encoders from features.parquet...
2026-03-29 05:34:51,279 | INFO | ✅ Encoders bootstrapped → C:\Users\balan\OneDrive\Desktop\forecasting\data\processed\encoders.pkl
2026-03-29 05:35:25,196 | INFO | Aligned rows: 620 | actual_sales: 620 | pred_sales: 620
2026-03-29 05:35:26,802 | INFO | 🔥 Top drift features: [('sell_price', 9.1983), ('rmean_28', 0.5401), ('rmean_7', 0.4495)]
2026-03-29 05:35:26,803 | INFO | 📊 PSI:2.0848 | KS:0.2742 | MAE:0.946434 | Score:0.8256 → HIGH
2026-03-29 05:35:26,830 | INFO | 📝 Drift logged → C:\Users\balan\OneDrive\Desktop\forecasting\reports\drift_history.csv
2026-03-29 05:35:26,901 | WARNING | ⚠️ Continuous drift trend detected (3-run avg > 0.25) — consider full retrain
2026-03-29 05:35:27,969 | INFO | Using categorical units to plot a list of strings that are all parsable as floats or dates. If these strings should be plotted as numbers, cast to the appropriate data type before plotting.
2026-03-29 05:35:27,973 | INFO | Using categorical units to plot a list of strings that are all parsable as floats or dates. If these strings should be plotted as numbers, cast to the appropriate data type before plotting.
2026-03-29 05:35:27,975 | INFO | Using categorical units to plot a list of strings that are all parsable as floats or dates. If these strings should be plotted as numbers, cast to the appropriate data type before plotting.
2026-03-29 05:35:27,981 | INFO | Using categorical units to plot a list of strings that are all parsable as floats or dates. If these strings should be plotted as numbers, cast to the appropriate data type before plotting.
2026-03-29 05:35:27,993 | INFO | Using categorical units to plot a list of strings that are all parsable as floats or dates. If these strings should be plotted as numbers, cast to the appropriate data type before plotting.
2026-03-29 05:35:28,001 | INFO | Using categorical units to plot a list of strings that are all parsable as floats or dates. If these strings should be plotted as numbers, cast to the appropriate data type before plotting.
2026-03-29 05:36:32,143 | ERROR | ❌ Feature mismatch — missing: {'weekofyear'} | extra: set()
2026-03-29 05:40:31,672 | WARNING | ⚠️ No matching (id, date) rows between actual and predictions
2026-03-29 05:40:31,995 | INFO | Using categorical units to plot a list of strings that are all parsable as floats or dates. If these strings should be plotted as numbers, cast to the appropriate data type before plotting.
2026-03-29 05:40:31,999 | INFO | Using categorical units to plot a list of strings that are all parsable as floats or dates. If these strings should be plotted as numbers, cast to the appropriate data type before plotting.
2026-03-29 05:40:32,066 | INFO | Using categorical units to plot a list of strings that are all parsable as floats or dates. If these strings should be plotted as numbers, cast to the appropriate data type before plotting.
2026-03-29 05:40:32,071 | INFO | Using categorical units to plot a list of strings that are all parsable as floats or dates. If these strings should be plotted as numbers, cast to the appropriate data type before plotting.
2026-03-29 05:40:32,072 | INFO | Using categorical units to plot a list of strings that are all parsable as floats or dates. If these strings should be plotted as numbers, cast to the appropriate data type before plotting.
2026-03-29 05:40:32,078 | INFO | Using categorical units to plot a list of strings that are all parsable as floats or dates. If these strings should be plotted as numbers, cast to the appropriate data type before plotting.
2026-03-29 05:42:33,844 | WARNING | ⚠️ No matching (id, date) rows between actual and predictions
2026-03-29 05:42:34,163 | INFO | Using categorical units to plot a list of strings that are all parsable as floats or dates. If these strings should be plotted as numbers, cast to the appropriate data type before plotting.
2026-03-29 05:42:34,168 | INFO | Using categorical units to plot a list of strings that are all parsable as floats or dates. If these strings should be plotted as numbers, cast to the appropriate data type before plotting.
2026-03-29 05:42:34,186 | INFO | Using categorical units to plot a list of strings that are all parsable as floats or dates. If these strings should be plotted as numbers, cast to the appropriate data type before plotting.
2026-03-29 05:42:34,188 | INFO | Using categorical units to plot a list of strings that are all parsable as floats or dates. If these strings should be plotted as numbers, cast to the appropriate data type before plotting.
2026-03-29 05:42:34,197 | INFO | Using categorical units to plot a list of strings that are all parsable as floats or dates. If these strings should be plotted as numbers, cast to the appropriate data type before plotting.
2026-03-29 05:42:34,201 | INFO | Using categorical units to plot a list of strings that are all parsable as floats or dates. If these strings should be plotted as numbers, cast to the appropriate data type before plotting.
2026-03-29 05:43:05,125 | INFO | Aligned rows: 620 | actual_sales: 620 | pred_sales: 620
2026-03-29 05:43:06,734 | INFO | 🔥 Top drift features: [('sell_price', 9.1983), ('rmean_28', 0.5401), ('rmean_7', 0.4495)]
2026-03-29 05:43:06,735 | INFO | 📊 PSI:2.0848 | KS:0.2742 | MAE:0.946434 | Score:0.8256 → HIGH
2026-03-29 05:43:06,811 | INFO | 📝 Drift logged → C:\Users\balan\OneDrive\Desktop\forecasting\reports\drift_history.csv
2026-03-29 05:43:06,893 | WARNING | ⚠️ Continuous drift trend detected (3-run avg > 0.25) — consider full retrain
2026-03-29 05:43:08,098 | INFO | Using categorical units to plot a list of strings that are all parsable as floats or dates. If these strings should be plotted as numbers, cast to the appropriate data type before plotting.
2026-03-29 05:43:08,101 | INFO | Using categorical units to plot a list of strings that are all parsable as floats or dates. If these strings should be plotted as numbers, cast to the appropriate data type before plotting.
2026-03-29 05:43:08,105 | INFO | Using categorical units to plot a list of strings that are all parsable as floats or dates. If these strings should be plotted as numbers, cast to the appropriate data type before plotting.
2026-03-29 05:43:08,107 | INFO | Using categorical units to plot a list of strings that are all parsable as floats or dates. If these strings should be plotted as numbers, cast to the appropriate data type before plotting.
2026-03-29 05:43:08,109 | INFO | Using categorical units to plot a list of strings that are all parsable as floats or dates. If these strings should be plotted as numbers, cast to the appropriate data type before plotting.
2026-03-29 05:43:08,111 | INFO | Using categorical units to plot a list of strings that are all parsable as floats or dates. If these strings should be plotted as numbers, cast to the appropriate data type before plotting.
2026-03-29 05:44:49,837 | ERROR | ❌ Feature mismatch — missing: {'weekofyear', 'dept_id', 'item_id', 'state_id', 'cat_id', 'store_id'} | extra: set()
2026-03-29 05:49:53,822 | INFO | Aligned rows: 620 | actual_sales: 620 | pred_sales: 620
2026-03-29 05:49:55,451 | INFO | 🔥 Top drift features: [('sell_price', 9.1983), ('rmean_28', 0.5401), ('rmean_7', 0.4495)]
2026-03-29 05:49:55,452 | INFO | 📊 PSI:2.0848 | KS:0.2742 | MAE:0.946434 | Score:0.8256 → HIGH
2026-03-29 05:49:55,517 | INFO | 📝 Drift logged → C:\Users\balan\OneDrive\Desktop\forecasting\reports\drift_history.csv
2026-03-29 05:49:55,570 | WARNING | ⚠️ Continuous drift trend detected (3-run avg > 0.25) — consider full retrain
2026-03-29 05:49:56,671 | INFO | Using categorical units to plot a list of strings that are all parsable as floats or dates. If these strings should be plotted as numbers, cast to the appropriate data type before plotting.
2026-03-29 05:49:56,679 | INFO | Using categorical units to plot a list of strings that are all parsable as floats or dates. If these strings should be plotted as numbers, cast to the appropriate data type before plotting.
2026-03-29 05:49:56,683 | INFO | Using categorical units to plot a list of strings that are all parsable as floats or dates. If these strings should be plotted as numbers, cast to the appropriate data type before plotting.
2026-03-29 05:49:56,684 | INFO | Using categorical units to plot a list of strings that are all parsable as floats or dates. If these strings should be plotted as numbers, cast to the appropriate data type before plotting.
2026-03-29 05:49:56,695 | INFO | Using categorical units to plot a list of strings that are all parsable as floats or dates. If these strings should be plotted as numbers, cast to the appropriate data type before plotting.
2026-03-29 05:49:56,697 | INFO | Using categorical units to plot a list of strings that are all parsable as floats or dates. If these strings should be plotted as numbers, cast to the appropriate data type before plotting.
2026-03-29 05:59:41,946 | INFO | Aligned rows: 620 | actual_sales: 620 | pred_sales: 620
2026-03-29 05:59:43,308 | INFO | 🔥 Top drift features: [('sell_price', 9.1983), ('rmean_28', 0.5401), ('rmean_7', 0.4495)]
2026-03-29 05:59:43,309 | INFO | 📊 PSI:2.0848 | KS:0.2742 | MAE:0.946434 | Score:0.8256 → HIGH
2026-03-29 05:59:43,337 | INFO | 📝 Drift logged → C:\Users\balan\OneDrive\Desktop\forecasting\reports\drift_history.csv
2026-03-29 05:59:43,384 | WARNING | ⚠️ Continuous drift trend detected (3-run avg > 0.25) — consider full retrain
2026-03-29 05:59:44,354 | INFO | Using categorical units to plot a list of strings that are all parsable as floats or dates. If these strings should be plotted as numbers, cast to the appropriate data type before plotting.
2026-03-29 05:59:44,357 | INFO | Using categorical units to plot a list of strings that are all parsable as floats or dates. If these strings should be plotted as numbers, cast to the appropriate data type before plotting.
2026-03-29 05:59:44,358 | INFO | Using categorical units to plot a list of strings that are all parsable as floats or dates. If these strings should be plotted as numbers, cast to the appropriate data type before plotting.
2026-03-29 05:59:44,371 | INFO | Using categorical units to plot a list of strings that are all parsable as floats or dates. If these strings should be plotted as numbers, cast to the appropriate data type before plotting.
2026-03-29 05:59:44,373 | INFO | Using categorical units to plot a list of strings that are all parsable as floats or dates. If these strings should be plotted as numbers, cast to the appropriate data type before plotting.
2026-03-29 05:59:44,374 | INFO | Using categorical units to plot a list of strings that are all parsable as floats or dates. If these strings should be plotted as numbers, cast to the appropriate data type before plotting.
2026-03-29 06:00:38,980 | INFO | ✅ Feature schema saved → 24 features
2026-03-29 06:00:38,981 | INFO | ✅ Schema synced → 24 features
2026-03-29 06:00:39,344 | INFO | ✅ New month features saved → 24,800 rows | 24 features
2026-03-29 06:00:39,511 | INFO | 🔁 Sliding window retrain started...
2026-03-29 06:00:45,636 | INFO | 💾 Backup complete (model + predictions + features)
2026-03-29 06:08:42,421 | INFO | Aligned rows: 620 | actual_sales: 620 | pred_sales: 620
2026-03-29 06:08:43,332 | INFO | 🔥 Top drift features: [('rmean_28', 0.4973), ('rmean_7', 0.293), ('lag_28', 0.0338)]
2026-03-29 06:08:43,333 | INFO | 📊 PSI:0.1767 | KS:0.2742 | MAE:0.946434 | Score:0.1578 → MEDIUM
2026-03-29 06:08:43,351 | INFO | 📝 Drift logged → c:\Users\balan\OneDrive\Desktop\forecasting\reports\drift_history.csv
2026-03-29 06:08:43,388 | WARNING | ⚠️ Continuous drift trend detected (3-run avg > 0.25) — consider full retrain
2026-03-29 06:08:43,825 | INFO | Using categorical units to plot a list of strings that are all parsable as floats or dates. If these strings should be plotted as numbers, cast to the appropriate data type before plotting.
2026-03-29 06:08:43,838 | INFO | Using categorical units to plot a list of strings that are all parsable as floats or dates. If these strings should be plotted as numbers, cast to the appropriate data type before plotting.
2026-03-29 06:08:43,840 | INFO | Using categorical units to plot a list of strings that are all parsable as floats or dates. If these strings should be plotted as numbers, cast to the appropriate data type before plotting.
2026-03-29 06:08:43,842 | INFO | Using categorical units to plot a list of strings that are all parsable as floats or dates. If these strings should be plotted as numbers, cast to the appropriate data type before plotting.
2026-03-29 06:08:43,843 | INFO | Using categorical units to plot a list of strings that are all parsable as floats or dates. If these strings should be plotted as numbers, cast to the appropriate data type before plotting.
2026-03-29 06:08:43,845 | INFO | Using categorical units to plot a list of strings that are all parsable as floats or dates. If these strings should be plotted as numbers, cast to the appropriate data type before plotting.
2026-03-29 06:09:11,699 | INFO | ✅ New month features saved → 24,800 rows | 30 features
2026-03-29 06:09:11,850 | INFO | 💾 Backup complete (model + predictions + features)
2026-03-29 06:09:24,995 | INFO | 📊 New RMSE: 1.0204→0.8564 | Old val RMSE: 1.4915→1.1314
2026-03-29 06:09:25,713 | INFO | ✅ Model version saved → c:\Users\balan\OneDrive\Desktop\forecasting\models\lightgbm\model_finetune_2026-03-29.pkl
2026-03-29 06:10:45,054 | INFO | ✅ predictions.parquet updated → 1,532,800 rows
2026-03-29 06:10:45,061 | INFO | ✅ Fine-tuned deployed (fine_tune_count=1)
2026-03-29 06:10:54,106 | INFO | 🔮 Predicting next month (vectorized recursive)...
2026-03-29 06:13:13,135 | INFO | 🔮 Predicting next month (vectorized recursive)...
2026-03-29 06:14:15,521 | INFO | 🔮 Predicting next month (vectorized recursive)...
2026-03-29 06:15:22,465 | INFO | Aligned rows: 24,800 | actual_sales: 24800 | pred_sales: 24800
2026-03-29 06:15:23,235 | INFO | 🔥 Top drift features: [('rmean_28', 0.4845), ('rmean_7', 0.2839), ('lag_28', 0.0328)]
2026-03-29 06:15:23,236 | INFO | 📊 PSI:0.172 | KS:0.0038 | MAE:0.577065 | Score:0.0615 → LOW
2026-03-29 06:15:23,254 | INFO | 📝 Drift logged → c:\Users\balan\OneDrive\Desktop\forecasting\reports\drift_history.csv
2026-03-29 06:15:23,286 | WARNING | ⚠️ Continuous drift trend detected (3-run avg > 0.25) — consider full retrain
2026-03-29 06:15:23,721 | INFO | Using categorical units to plot a list of strings that are all parsable as floats or dates. If these strings should be plotted as numbers, cast to the appropriate data type before plotting.
2026-03-29 06:15:23,722 | INFO | Using categorical units to plot a list of strings that are all parsable as floats or dates. If these strings should be plotted as numbers, cast to the appropriate data type before plotting.
2026-03-29 06:15:23,739 | INFO | Using categorical units to plot a list of strings that are all parsable as floats or dates. If these strings should be plotted as numbers, cast to the appropriate data type before plotting.
2026-03-29 06:15:23,740 | INFO | Using categorical units to plot a list of strings that are all parsable as floats or dates. If these strings should be plotted as numbers, cast to the appropriate data type before plotting.
2026-03-29 06:15:23,743 | INFO | Using categorical units to plot a list of strings that are all parsable as floats or dates. If these strings should be plotted as numbers, cast to the appropriate data type before plotting.
2026-03-29 06:15:23,752 | INFO | Using categorical units to plot a list of strings that are all parsable as floats or dates. If these strings should be plotted as numbers, cast to the appropriate data type before plotting.
2026-03-29 06:15:44,257 | INFO | 🔮 Predicting next month (vectorized recursive)...
2026-03-29 06:15:50,360 | INFO |   📅 2016-06-01 — 800 SKUs
2026-03-29 06:15:50,509 | INFO |   📅 2016-06-02 — 800 SKUs
2026-03-29 06:15:50,645 | INFO |   📅 2016-06-03 — 800 SKUs
2026-03-29 06:15:50,779 | INFO |   📅 2016-06-04 — 800 SKUs
2026-03-29 06:15:50,929 | INFO |   📅 2016-06-05 — 800 SKUs
2026-03-29 06:15:51,073 | INFO |   📅 2016-06-06 — 800 SKUs
2026-03-29 06:15:51,217 | INFO |   📅 2016-06-07 — 800 SKUs
2026-03-29 06:15:51,328 | INFO |   📅 2016-06-08 — 800 SKUs
2026-03-29 06:15:51,448 | INFO |   📅 2016-06-09 — 800 SKUs
2026-03-29 06:15:51,598 | INFO |   📅 2016-06-10 — 800 SKUs
2026-03-29 06:15:51,740 | INFO |   📅 2016-06-11 — 800 SKUs
2026-03-29 06:15:51,859 | INFO |   📅 2016-06-12 — 800 SKUs
2026-03-29 06:15:52,007 | INFO |   📅 2016-06-13 — 800 SKUs
2026-03-29 06:15:52,133 | INFO |   📅 2016-06-14 — 800 SKUs
2026-03-29 06:15:52,264 | INFO |   📅 2016-06-15 — 800 SKUs
2026-03-29 06:15:52,399 | INFO |   📅 2016-06-16 — 800 SKUs
2026-03-29 06:15:52,526 | INFO |   📅 2016-06-17 — 800 SKUs
2026-03-29 06:15:52,657 | INFO |   📅 2016-06-18 — 800 SKUs
2026-03-29 06:15:52,788 | INFO |   📅 2016-06-19 — 800 SKUs
2026-03-29 06:15:52,916 | INFO |   📅 2016-06-20 — 800 SKUs
2026-03-29 06:15:53,040 | INFO |   📅 2016-06-21 — 800 SKUs
2026-03-29 06:15:53,163 | INFO |   📅 2016-06-22 — 800 SKUs
2026-03-29 06:15:53,283 | INFO |   📅 2016-06-23 — 800 SKUs
2026-03-29 06:15:53,440 | INFO |   📅 2016-06-24 — 800 SKUs
2026-03-29 06:15:53,556 | INFO |   📅 2016-06-25 — 800 SKUs
2026-03-29 06:15:53,684 | INFO |   📅 2016-06-26 — 800 SKUs
2026-03-29 06:15:53,834 | INFO |   📅 2016-06-27 — 800 SKUs
2026-03-29 06:15:54,023 | INFO |   📅 2016-06-28 — 800 SKUs
2026-03-29 06:15:54,146 | INFO |   📅 2016-06-29 — 800 SKUs
2026-03-29 06:15:54,313 | INFO |   📅 2016-06-30 — 800 SKUs
2026-03-29 06:15:54,410 | INFO | ✅ Forecast complete → 24,000 rows | 2016-06-01 → 2016-06-30
2026-03-29 14:21:20,434 | INFO | Using categorical units to plot a list of strings that are all parsable as floats or dates. If these strings should be plotted as numbers, cast to the appropriate data type before plotting.
2026-03-29 14:21:20,439 | INFO | Using categorical units to plot a list of strings that are all parsable as floats or dates. If these strings should be plotted as numbers, cast to the appropriate data type before plotting.
2026-03-29 14:25:06,002 | INFO | Aligned rows: 24,800 | actual_sales: 24800 | pred_sales: 24800
2026-03-29 14:25:07,813 | INFO | 🔥 Top drift features: [('rmean_28', 0.4845), ('rmean_7', 0.2839), ('lag_28', 0.0328)]
2026-03-29 14:25:07,817 | INFO | 📊 PSI:0.172 | KS:0.0038 | MAE:0.577065 | Score:0.0615 → LOW
2026-03-29 14:25:07,937 | INFO | 📝 Drift logged → c:\Users\balan\OneDrive\Desktop\forecasting\reports\drift_history.csv
2026-03-29 14:25:39,267 | INFO | 🔮 Predicting next month (vectorized recursive)...
2026-03-29 14:25:50,616 | INFO |   📅 2016-06-01 — 800 SKUs
2026-03-29 14:25:50,978 | INFO |   📅 2016-06-02 — 800 SKUs
2026-03-29 14:25:51,330 | INFO |   📅 2016-06-03 — 800 SKUs
2026-03-29 14:25:51,681 | INFO |   📅 2016-06-04 — 800 SKUs
2026-03-29 14:25:52,045 | INFO |   📅 2016-06-05 — 800 SKUs
2026-03-29 14:25:52,396 | INFO |   📅 2016-06-06 — 800 SKUs
2026-03-29 14:25:52,717 | INFO |   📅 2016-06-07 — 800 SKUs
2026-03-29 14:25:53,083 | INFO |   📅 2016-06-08 — 800 SKUs
2026-03-29 14:25:53,427 | INFO |   📅 2016-06-09 — 800 SKUs
2026-03-29 14:25:53,764 | INFO |   📅 2016-06-10 — 800 SKUs
2026-03-29 14:25:54,127 | INFO |   📅 2016-06-11 — 800 SKUs
2026-03-29 14:25:54,484 | INFO |   📅 2016-06-12 — 800 SKUs
2026-03-29 14:25:54,832 | INFO |   📅 2016-06-13 — 800 SKUs
2026-03-29 14:25:55,180 | INFO |   📅 2016-06-14 — 800 SKUs
2026-03-29 14:25:55,520 | INFO |   📅 2016-06-15 — 800 SKUs
2026-03-29 14:25:55,883 | INFO |   📅 2016-06-16 — 800 SKUs
2026-03-29 14:25:56,243 | INFO |   📅 2016-06-17 — 800 SKUs
2026-03-29 14:25:56,629 | INFO |   📅 2016-06-18 — 800 SKUs
2026-03-29 14:25:56,999 | INFO |   📅 2016-06-19 — 800 SKUs
2026-03-29 14:25:57,337 | INFO |   📅 2016-06-20 — 800 SKUs
2026-03-29 14:25:57,675 | INFO |   📅 2016-06-21 — 800 SKUs
2026-03-29 14:25:58,066 | INFO |   📅 2016-06-22 — 800 SKUs
2026-03-29 14:25:58,534 | INFO |   📅 2016-06-23 — 800 SKUs
2026-03-29 14:25:59,042 | INFO |   📅 2016-06-24 — 800 SKUs
2026-03-29 14:25:59,482 | INFO |   📅 2016-06-25 — 800 SKUs
2026-03-29 14:25:59,848 | INFO |   📅 2016-06-26 — 800 SKUs
2026-03-29 14:26:00,248 | INFO |   📅 2016-06-27 — 800 SKUs
2026-03-29 14:26:00,864 | INFO |   📅 2016-06-28 — 800 SKUs
2026-03-29 14:26:01,246 | INFO |   📅 2016-06-29 — 800 SKUs
2026-03-29 14:26:01,592 | INFO |   📅 2016-06-30 — 800 SKUs
2026-03-29 14:26:01,853 | INFO | ✅ Forecast complete → 24,000 rows | 2016-06-01 → 2016-06-30
2026-03-29 17:07:06,624 | INFO | Using categorical units to plot a list of strings that are all parsable as floats or dates. If these strings should be plotted as numbers, cast to the appropriate data type before plotting.
2026-03-29 17:07:06,627 | INFO | Using categorical units to plot a list of strings that are all parsable as floats or dates. If these strings should be plotted as numbers, cast to the appropriate data type before plotting.
2026-03-29 17:08:10,231 | INFO | ✅ New month features saved → 24,800 rows | 30 features
2026-03-29 17:08:13,312 | INFO | Aligned rows: 24,800 | actual_sales: 24800 | pred_sales: 24800
2026-03-29 17:08:14,148 | INFO | 🔥 Top drift features: [('rmean_28', 0.4845), ('rmean_7', 0.2839), ('lag_28', 0.0328)]
2026-03-29 17:08:14,148 | INFO | 📊 PSI:0.172 | KS:0.0038 | MAE:0.577065 | Score:0.0615 → LOW
2026-03-29 17:08:14,204 | INFO | 📝 Drift logged → c:\Users\balan\OneDrive\Desktop\forecasting\reports\drift_history.csv
2026-03-29 17:08:23,255 | INFO | 📝 Logbook entry saved → Current Month
2026-03-29 17:08:38,444 | INFO | 🔮 Predicting next month (vectorized recursive)...
2026-03-29 17:08:42,988 | INFO |   📅 2016-06-01 — 800 SKUs
2026-03-29 17:08:43,111 | INFO |   📅 2016-06-02 — 800 SKUs
2026-03-29 17:08:43,221 | INFO |   📅 2016-06-03 — 800 SKUs
2026-03-29 17:08:43,371 | INFO |   📅 2016-06-04 — 800 SKUs
2026-03-29 17:08:43,497 | INFO |   📅 2016-06-05 — 800 SKUs
2026-03-29 17:08:43,613 | INFO |   📅 2016-06-06 — 800 SKUs
2026-03-29 17:08:43,739 | INFO |   📅 2016-06-07 — 800 SKUs
2026-03-29 17:08:43,871 | INFO |   📅 2016-06-08 — 800 SKUs
2026-03-29 17:08:43,993 | INFO |   📅 2016-06-09 — 800 SKUs
2026-03-29 17:08:44,119 | INFO |   📅 2016-06-10 — 800 SKUs
2026-03-29 17:08:44,240 | INFO |   📅 2016-06-11 — 800 SKUs
2026-03-29 17:08:44,368 | INFO |   📅 2016-06-12 — 800 SKUs
2026-03-29 17:08:45,184 | INFO |   📅 2016-06-13 — 800 SKUs
2026-03-29 17:08:45,289 | INFO |   📅 2016-06-14 — 800 SKUs
2026-03-29 17:08:45,411 | INFO |   📅 2016-06-15 — 800 SKUs
2026-03-29 17:08:45,520 | INFO |   📅 2016-06-16 — 800 SKUs
2026-03-29 17:08:45,634 | INFO |   📅 2016-06-17 — 800 SKUs
2026-03-29 17:08:45,768 | INFO |   📅 2016-06-18 — 800 SKUs
2026-03-29 17:08:45,908 | INFO |   📅 2016-06-19 — 800 SKUs
2026-03-29 17:08:46,035 | INFO |   📅 2016-06-20 — 800 SKUs
2026-03-29 17:08:46,145 | INFO |   📅 2016-06-21 — 800 SKUs
2026-03-29 17:08:46,260 | INFO |   📅 2016-06-22 — 800 SKUs
2026-03-29 17:08:46,363 | INFO |   📅 2016-06-23 — 800 SKUs
2026-03-29 17:08:46,468 | INFO |   📅 2016-06-24 — 800 SKUs
2026-03-29 17:08:46,589 | INFO |   📅 2016-06-25 — 800 SKUs
2026-03-29 17:08:46,719 | INFO |   📅 2016-06-26 — 800 SKUs
2026-03-29 17:08:46,830 | INFO |   📅 2016-06-27 — 800 SKUs
2026-03-29 17:08:46,944 | INFO |   📅 2016-06-28 — 800 SKUs
2026-03-29 17:08:47,069 | INFO |   📅 2016-06-29 — 800 SKUs
2026-03-29 17:08:47,178 | INFO |   📅 2016-06-30 — 800 SKUs
2026-03-29 17:08:47,296 | INFO | ✅ Forecast complete → 24,000 rows | 2016-06-01 → 2016-06-30
