2026-03-06 13:25:43 | INFO     | pipeline | ============================================================
2026-03-06 13:25:43 | INFO     | pipeline | PHASE 1: SELF-HEALING DEMAND FORECASTING SYSTEM
2026-03-06 13:25:43 | INFO     | pipeline | ============================================================
2026-03-06 13:25:43 | INFO     | pipeline | [1/7] Loading data
2026-03-06 13:25:43 | INFO     | data_loader | Loaded 6435 rows, 8 columns
2026-03-06 13:25:43 | INFO     | data_loader | Stores: 45 | Missing: 0
2026-03-06 13:25:43 | INFO     | pipeline | [1/7] Loading data done in 0s
2026-03-06 13:25:43 | INFO     | pipeline | [2/7] Splitting data
2026-03-06 13:25:43 | INFO     | data_loader | Train: 2385 | Test: 4050 | Cutoff: 2011-02-05
2026-03-06 13:25:43 | INFO     | pipeline | [2/7] Splitting data done in 0s
2026-03-06 13:25:43 | INFO     | pipeline | [3/7] Feature engineering
2026-03-06 13:25:44 | INFO     | pipeline | Features: 48 | Train rows: 2385 | Test rows: 4050
2026-03-06 13:25:44 | INFO     | pipeline | [3/7] Feature engineering done in 0s
2026-03-06 13:25:44 | INFO     | pipeline | [4/7] Training model
2026-03-06 13:27:28 | INFO     | model_trainer | Best params: {'n_estimators': 200, 'min_samples_split': 2, 'min_samples_leaf': 1, 'min_impurity_decrease': 0.0001, 'max_features': 0.7, 'max_depth': 30}
2026-03-06 13:27:37 | INFO     | model_trainer | RF MAE: 8,284 | GB MAE: 6,847 | Using: GB | Rows: 2385
2026-03-06 13:27:37 | INFO     | model_trainer | train -> RMSE:9000 MAE:6847 R2:0.9998 MAPE:0.83%
2026-03-06 13:27:37 | INFO     | model_trainer | Model saved: models/active_model.pkl | Version: v1_20260306_132737
2026-03-06 13:27:37 | INFO     | model_trainer | Metrics saved: logs/baseline_metrics.json
2026-03-06 13:27:38 | INFO     | drift_detector | Dynamic thresholds set for 48 features
2026-03-06 13:27:38 | INFO     | model_trainer | CI Coverage: 100.00% | Avg Width: 142,747
2026-03-06 13:27:38 | INFO     | drift_detector | Baseline set: 48 features
2026-03-06 13:27:38 | INFO     | pipeline | [4/7] Training model done in 114s
2026-03-06 13:27:38 | INFO     | pipeline | [5/7] Simulating months
2026-03-06 13:27:38 | INFO     | pipeline | Simulating 21 months...
2026-03-06 13:27:38 | INFO     | pipeline |   2011-02: SEVERE (severe=74, mild=10, error_ratio=2.68x)
2026-03-06 13:27:39 | INFO     | pipeline |   2011-03: SEVERE (severe=51, mild=23, error_ratio=2.32x)
2026-03-06 13:27:39 | INFO     | pipeline |   2011-04: SEVERE (severe=52, mild=21, error_ratio=2.11x)
2026-03-06 13:27:39 | INFO     | pipeline |   2011-05: SEVERE (severe=59, mild=19, error_ratio=1.94x)
2026-03-06 13:27:39 | INFO     | pipeline |   2011-06: SEVERE (severe=56, mild=20, error_ratio=1.90x)
2026-03-06 13:27:40 | INFO     | pipeline |   2011-07: SEVERE (severe=60, mild=21, error_ratio=1.93x)
2026-03-06 13:27:40 | INFO     | pipeline |   2011-08: SEVERE (severe=59, mild=21, error_ratio=2.02x)
2026-03-06 13:27:40 | INFO     | pipeline |   2011-09: SEVERE (severe=58, mild=22, error_ratio=2.18x)
2026-03-06 13:27:40 | INFO     | pipeline |   2011-10: SEVERE (severe=59, mild=22, error_ratio=2.03x)
2026-03-06 13:27:41 | INFO     | pipeline |   2011-11: SEVERE (severe=58, mild=22, error_ratio=3.56x)
2026-03-06 13:27:41 | INFO     | pipeline |   2011-12: SEVERE (severe=66, mild=12, error_ratio=4.76x)
2026-03-06 13:27:41 | INFO     | pipeline |   2012-01: SEVERE (severe=69, mild=12, error_ratio=2.70x)
2026-03-06 13:27:41 | INFO     | pipeline |   2012-02: SEVERE (severe=64, mild=17, error_ratio=3.70x)
2026-03-06 13:27:41 | INFO     | pipeline |   2012-03: SEVERE (severe=58, mild=19, error_ratio=3.41x)
2026-03-06 13:27:42 | INFO     | pipeline |   2012-04: SEVERE (severe=57, mild=20, error_ratio=3.27x)
2026-03-06 13:27:42 | INFO     | pipeline |   2012-05: SEVERE (severe=60, mild=19, error_ratio=4.89x)
2026-03-06 13:27:42 | INFO     | pipeline |   2012-06: SEVERE (severe=62, mild=20, error_ratio=6.32x)
2026-03-06 13:27:42 | INFO     | pipeline |   2012-07: SEVERE (severe=65, mild=18, error_ratio=3.52x)
2026-03-06 13:27:43 | INFO     | pipeline |   2012-08: SEVERE (severe=61, mild=22, error_ratio=3.57x)
2026-03-06 13:27:43 | INFO     | pipeline |   2012-09: SEVERE (severe=60, mild=20, error_ratio=3.12x)
2026-03-06 13:27:43 | INFO     | pipeline |   2012-10: SEVERE (severe=59, mild=20, error_ratio=3.19x)
2026-03-06 13:27:43 | INFO     | pipeline | [5/7] Simulating months done in 4s
2026-03-06 13:27:43 | INFO     | pipeline | [6/7] Generating summary
2026-03-06 13:27:43 | INFO     | pipeline | Final Severity: SEVERE | Phase 2 required: Retrain model immediately
2026-03-06 13:27:43 | INFO     | pipeline | [6/7] Generating summary done in 0s
2026-03-06 13:27:43 | INFO     | pipeline | [7/7] Saving results
2026-03-06 13:27:43 | INFO     | log_book | All logs saved
2026-03-06 13:27:43 | INFO     | pipeline | All results saved
2026-03-06 13:27:43 | INFO     | pipeline | [7/7] Saving results done in 0s
2026-03-06 13:27:43 | INFO     | pipeline | PHASE 1 COMPLETE in 119s | Severity: SEVERE
2026-03-06 13:27:43 | INFO     | __main__ | Final Drift Severity: SEVERE
2026-03-06 13:27:43 | INFO     | __main__ | Recommendation: Phase 2 required: Retrain model immediately
2026-03-06 13:32:39 | INFO     | pipeline | ============================================================
2026-03-06 13:32:39 | INFO     | pipeline | PHASE 1: SELF-HEALING DEMAND FORECASTING SYSTEM
2026-03-06 13:32:39 | INFO     | pipeline | ============================================================
2026-03-06 13:32:39 | INFO     | pipeline | [1/7] Loading data
2026-03-06 13:32:39 | INFO     | data_loader | Loaded 6435 rows, 8 columns
2026-03-06 13:32:40 | INFO     | data_loader | Stores: 45 | Missing: 0
2026-03-06 13:32:40 | INFO     | pipeline | [1/7] Loading data done in 0s
2026-03-06 13:32:40 | INFO     | pipeline | [2/7] Splitting data
2026-03-06 13:32:40 | INFO     | data_loader | Train: 2385 | Test: 4050 | Cutoff: 2011-02-05
2026-03-06 13:32:40 | INFO     | pipeline | [2/7] Splitting data done in 0s
2026-03-06 13:32:40 | INFO     | pipeline | [3/7] Feature engineering
2026-03-06 13:32:41 | INFO     | pipeline | Features: 48 | Train rows: 2385 | Test rows: 4050
2026-03-06 13:32:41 | INFO     | pipeline | [3/7] Feature engineering done in 1s
2026-03-06 13:32:41 | INFO     | pipeline | [4/7] Training model
2026-03-06 13:35:36 | INFO     | model_trainer | Best params: {'n_estimators': 200, 'min_samples_split': 2, 'min_samples_leaf': 1, 'min_impurity_decrease': 0.0001, 'max_features': 0.7, 'max_depth': 30}
2026-03-06 13:36:02 | INFO     | model_trainer | RF MAE: 8,284 | GB MAE: 6,847 | Using: GB | Rows: 2385
2026-03-06 13:36:02 | INFO     | model_trainer | train -> RMSE:9000 MAE:6847 R2:0.9998 MAPE:0.83%
2026-03-06 13:36:02 | INFO     | model_trainer | Model saved: models/active_model.pkl | Version: v1_20260306_133602
2026-03-06 13:36:02 | INFO     | model_trainer | Metrics saved: logs/baseline_metrics.json
2026-03-06 13:36:02 | INFO     | drift_detector | Dynamic thresholds set for 48 features
2026-03-06 13:36:03 | INFO     | model_trainer | CI Coverage: 100.00% | Avg Width: 142,747
2026-03-06 13:36:03 | INFO     | drift_detector | Baseline set: 48 features
2026-03-06 13:36:03 | INFO     | pipeline | [4/7] Training model done in 201s
2026-03-06 13:36:03 | INFO     | pipeline | [5/7] Simulating months
2026-03-06 13:36:03 | INFO     | pipeline | Simulating 21 months...
2026-03-06 13:36:03 | INFO     | pipeline |   2011-02: SEVERE (severe=74, mild=10, error_ratio=2.68x)
2026-03-06 13:36:04 | INFO     | pipeline |   2011-03: SEVERE (severe=51, mild=23, error_ratio=2.32x)
2026-03-06 13:36:04 | INFO     | pipeline |   2011-04: SEVERE (severe=52, mild=21, error_ratio=2.11x)
2026-03-06 13:36:04 | INFO     | pipeline |   2011-05: SEVERE (severe=59, mild=19, error_ratio=1.94x)
2026-03-06 13:36:04 | INFO     | pipeline |   2011-06: SEVERE (severe=56, mild=20, error_ratio=1.90x)
2026-03-06 13:36:05 | INFO     | pipeline |   2011-07: SEVERE (severe=60, mild=21, error_ratio=1.93x)
2026-03-06 13:36:05 | INFO     | pipeline |   2011-08: SEVERE (severe=59, mild=21, error_ratio=2.02x)
2026-03-06 13:36:05 | INFO     | pipeline |   2011-09: SEVERE (severe=58, mild=22, error_ratio=2.18x)
2026-03-06 13:36:05 | INFO     | pipeline |   2011-10: SEVERE (severe=59, mild=22, error_ratio=2.03x)
2026-03-06 13:36:06 | INFO     | pipeline |   2011-11: SEVERE (severe=58, mild=22, error_ratio=3.56x)
2026-03-06 13:36:06 | INFO     | pipeline |   2011-12: SEVERE (severe=66, mild=12, error_ratio=4.76x)
2026-03-06 13:36:06 | INFO     | pipeline |   2012-01: SEVERE (severe=69, mild=12, error_ratio=2.70x)
2026-03-06 13:36:06 | INFO     | pipeline |   2012-02: SEVERE (severe=64, mild=17, error_ratio=3.70x)
2026-03-06 13:36:07 | INFO     | pipeline |   2012-03: SEVERE (severe=58, mild=19, error_ratio=3.41x)
2026-03-06 13:36:07 | INFO     | pipeline |   2012-04: SEVERE (severe=57, mild=20, error_ratio=3.27x)
2026-03-06 13:36:07 | INFO     | pipeline |   2012-05: SEVERE (severe=60, mild=19, error_ratio=4.89x)
2026-03-06 13:36:07 | INFO     | pipeline |   2012-06: SEVERE (severe=62, mild=20, error_ratio=6.32x)
2026-03-06 13:36:08 | INFO     | pipeline |   2012-07: SEVERE (severe=65, mild=18, error_ratio=3.52x)
2026-03-06 13:36:08 | INFO     | pipeline |   2012-08: SEVERE (severe=61, mild=22, error_ratio=3.57x)
2026-03-06 13:36:08 | INFO     | pipeline |   2012-09: SEVERE (severe=60, mild=20, error_ratio=3.12x)
2026-03-06 13:36:08 | INFO     | pipeline |   2012-10: SEVERE (severe=59, mild=20, error_ratio=3.19x)
2026-03-06 13:36:08 | INFO     | pipeline | [5/7] Simulating months done in 5s
2026-03-06 13:36:08 | INFO     | pipeline | [6/7] Generating summary
2026-03-06 13:36:08 | INFO     | pipeline | Final Severity: SEVERE | Phase 2 required: Retrain model immediately
2026-03-06 13:36:08 | INFO     | pipeline | [6/7] Generating summary done in 0s
2026-03-06 13:36:08 | INFO     | pipeline | [7/7] Saving results
2026-03-06 13:36:08 | INFO     | log_book | All logs saved
2026-03-06 13:36:08 | INFO     | pipeline | All results saved
2026-03-06 13:36:08 | INFO     | pipeline | [7/7] Saving results done in 0s
2026-03-06 13:36:08 | INFO     | pipeline | PHASE 1 COMPLETE in 208s | Severity: SEVERE
2026-03-06 13:36:08 | INFO     | __main__ | Final Drift Severity: SEVERE
2026-03-06 13:36:08 | INFO     | __main__ | Recommendation: Phase 2 required: Retrain model immediately
2026-03-06 13:40:14 | INFO     | drift_detector | Dynamic thresholds set for 48 features
2026-03-06 13:40:14 | INFO     | drift_detector | Baseline set: 48 features
2026-03-06 13:48:39 | INFO     | drift_detector | Dynamic thresholds set for 48 features
2026-03-06 13:48:39 | INFO     | drift_detector | Baseline set: 48 features
2026-03-06 14:27:39 | INFO     | pipeline | ============================================================
2026-03-06 14:27:39 | INFO     | pipeline | PHASE 1: SELF-HEALING DEMAND FORECASTING SYSTEM
2026-03-06 14:27:39 | INFO     | pipeline | ============================================================
2026-03-06 14:27:39 | INFO     | pipeline | [1/7] Loading data
2026-03-06 14:27:39 | INFO     | data_loader | Loaded 120 rows, 8 columns
2026-03-06 14:27:39 | INFO     | data_loader | Stores: 5 | Missing: 0
2026-03-06 14:27:39 | INFO     | pipeline | [1/7] Loading data done in 0s
2026-03-06 14:27:39 | INFO     | pipeline | [2/7] Splitting data
2026-03-06 14:27:39 | INFO     | data_loader | Train: 53 | Test: 67 | Cutoff: 2013-01-01
2026-03-06 14:27:39 | INFO     | pipeline | [2/7] Splitting data done in 0s
2026-03-06 14:27:39 | INFO     | pipeline | [3/7] Feature engineering
2026-03-06 14:27:40 | INFO     | pipeline | Features: 48 | Train rows: 53 | Test rows: 67
2026-03-06 14:27:40 | INFO     | pipeline | [3/7] Feature engineering done in 0s
2026-03-06 14:27:40 | INFO     | pipeline | [4/7] Training model
2026-03-06 14:28:31 | INFO     | model_trainer | Best params: {'n_estimators': 200, 'min_samples_split': 2, 'min_samples_leaf': 2, 'min_impurity_decrease': 0.0, 'max_features': 0.7, 'max_depth': 20}
2026-03-06 14:28:31 | ERROR    | pipeline | Step 4 (Training model) failed: Training set too small (53 rows). Feature engineering dropna removed too many rows.
2026-03-06 14:28:31 | ERROR    | __main__ | Phase 1 failed: Training set too small (53 rows). Feature engineering dropna removed too many rows.
2026-03-06 14:46:27 | INFO     | pipeline | ============================================================
2026-03-06 14:46:27 | INFO     | pipeline | PHASE 1: SELF-HEALING DEMAND FORECASTING SYSTEM
2026-03-06 14:46:27 | INFO     | pipeline | ============================================================
2026-03-06 14:46:27 | INFO     | pipeline | [1/7] Loading data
2026-03-06 14:46:27 | INFO     | data_loader | Loaded 120 rows, 8 columns
2026-03-06 14:46:27 | INFO     | data_loader | Stores: 5 | Missing: 0
2026-03-06 14:46:27 | INFO     | pipeline | [1/7] Loading data done in 0s
2026-03-06 14:46:27 | INFO     | pipeline | [2/7] Splitting data
2026-03-06 14:46:27 | INFO     | data_loader | Train: 53 | Test: 67 | Cutoff: 2013-01-01
2026-03-06 14:46:27 | INFO     | pipeline | [2/7] Splitting data done in 0s
2026-03-06 14:46:27 | INFO     | pipeline | [3/7] Feature engineering
2026-03-06 14:46:27 | INFO     | pipeline | Features: 48 | Train rows: 53 | Test rows: 67
2026-03-06 14:46:27 | INFO     | pipeline | [3/7] Feature engineering done in 0s
2026-03-06 14:46:27 | INFO     | pipeline | [4/7] Training model
2026-03-06 14:58:07 | INFO     | pipeline | ============================================================
2026-03-06 14:58:07 | INFO     | pipeline | PHASE 1: SELF-HEALING DEMAND FORECASTING SYSTEM
2026-03-06 14:58:07 | INFO     | pipeline | ============================================================
2026-03-06 14:58:07 | INFO     | pipeline | [1/7] Loading data
2026-03-06 14:58:07 | INFO     | data_loader | Loaded 120 rows, 8 columns
2026-03-06 14:58:07 | INFO     | data_loader | Stores: 5 | Missing: 0
2026-03-06 14:58:07 | INFO     | pipeline | [1/7] Loading data done in 0s
2026-03-06 14:58:07 | INFO     | pipeline | [2/7] Splitting data
2026-03-06 14:58:07 | INFO     | data_loader | Train: 53 | Test: 67 | Cutoff: 2013-01-01
2026-03-06 14:58:07 | INFO     | pipeline | [2/7] Splitting data done in 0s
2026-03-06 14:58:07 | INFO     | pipeline | [3/7] Feature engineering
2026-03-06 14:58:08 | INFO     | pipeline | Features: 48 | Train rows: 53 | Test rows: 67
2026-03-06 14:58:08 | INFO     | pipeline | [3/7] Feature engineering done in 0s
2026-03-06 14:58:08 | INFO     | pipeline | [4/7] Training model
2026-03-06 14:59:16 | INFO     | model_trainer | Best params: {'n_estimators': 200, 'min_samples_split': 2, 'min_samples_leaf': 2, 'min_impurity_decrease': 0.0, 'max_features': 0.7, 'max_depth': 20}
2026-03-06 14:59:16 | ERROR    | pipeline | Step 4 (Training model) failed: Training set too small (53 rows). Feature engineering dropna removed too many rows.
2026-03-06 14:59:16 | ERROR    | __main__ | Phase 1 failed: Training set too small (53 rows). Feature engineering dropna removed too many rows.
2026-03-06 15:00:20 | INFO     | pipeline | ============================================================
2026-03-06 15:00:20 | INFO     | pipeline | PHASE 1: SELF-HEALING DEMAND FORECASTING SYSTEM
2026-03-06 15:00:20 | INFO     | pipeline | ============================================================
2026-03-06 15:00:20 | INFO     | pipeline | [1/7] Loading data
2026-03-06 15:00:20 | INFO     | data_loader | Loaded 120 rows, 8 columns
2026-03-06 15:00:20 | INFO     | data_loader | Stores: 5 | Missing: 0
2026-03-06 15:00:20 | INFO     | pipeline | [1/7] Loading data done in 0s
2026-03-06 15:00:20 | INFO     | pipeline | [2/7] Splitting data
2026-03-06 15:00:20 | INFO     | data_loader | Train: 53 | Test: 67 | Cutoff: 2013-01-01
2026-03-06 15:00:20 | INFO     | pipeline | [2/7] Splitting data done in 0s
2026-03-06 15:00:20 | INFO     | pipeline | [3/7] Feature engineering
2026-03-06 15:00:20 | INFO     | pipeline | Features: 48 | Train rows: 53 | Test rows: 67
2026-03-06 15:00:20 | INFO     | pipeline | [3/7] Feature engineering done in 0s
2026-03-06 15:00:20 | INFO     | pipeline | [4/7] Training model
2026-03-06 15:00:47 | INFO     | model_trainer | Best params: {'n_estimators': 200, 'min_samples_split': 2, 'min_samples_leaf': 2, 'min_impurity_decrease': 0.0, 'max_features': 0.7, 'max_depth': 20}
2026-03-06 15:00:47 | ERROR    | pipeline | Step 4 (Training model) failed: Training set too small (53 rows). Feature engineering dropna removed too many rows.
2026-03-06 15:00:47 | ERROR    | __main__ | Phase 1 failed: Training set too small (53 rows). Feature engineering dropna removed too many rows.
2026-03-06 15:03:16 | INFO     | pipeline | ============================================================
2026-03-06 15:03:16 | INFO     | pipeline | PHASE 1: SELF-HEALING DEMAND FORECASTING SYSTEM
2026-03-06 15:03:16 | INFO     | pipeline | ============================================================
2026-03-06 15:03:16 | INFO     | pipeline | [1/7] Loading data
2026-03-06 15:03:16 | INFO     | data_loader | Loaded 120 rows, 8 columns
2026-03-06 15:03:16 | INFO     | data_loader | Stores: 5 | Missing: 0
2026-03-06 15:03:16 | INFO     | pipeline | [1/7] Loading data done in 0s
2026-03-06 15:03:16 | INFO     | pipeline | [2/7] Splitting data
2026-03-06 15:03:16 | INFO     | pipeline | Small dataset (120 rows) — auto-adjusted train_months to 10
2026-03-06 15:03:16 | INFO     | data_loader | Train: 44 | Test: 76 | Cutoff: 2012-11-01
2026-03-06 15:03:16 | INFO     | pipeline | [2/7] Splitting data done in 0s
2026-03-06 15:03:16 | INFO     | pipeline | [3/7] Feature engineering
2026-03-06 15:03:17 | INFO     | pipeline | Features: 48 | Train rows: 44 | Test rows: 76
2026-03-06 15:03:17 | INFO     | pipeline | [3/7] Feature engineering done in 0s
2026-03-06 15:03:17 | INFO     | pipeline | [4/7] Training model
2026-03-06 15:03:17 | ERROR    | pipeline | Step 4 (Training model) failed: Training set too small: 44 rows. Check feature engineering dropna.
2026-03-06 15:03:17 | ERROR    | __main__ | Phase 1 failed: Training set too small: 44 rows. Check feature engineering dropna.
2026-03-06 15:05:02 | INFO     | pipeline | ============================================================
2026-03-06 15:05:02 | INFO     | pipeline | PHASE 1: SELF-HEALING DEMAND FORECASTING SYSTEM
2026-03-06 15:05:02 | INFO     | pipeline | ============================================================
2026-03-06 15:05:02 | INFO     | pipeline | [1/7] Loading data
2026-03-06 15:05:02 | INFO     | data_loader | Loaded 120 rows, 8 columns
2026-03-06 15:05:02 | INFO     | data_loader | Stores: 5 | Missing: 0
2026-03-06 15:05:02 | INFO     | pipeline | [1/7] Loading data done in 0s
2026-03-06 15:05:02 | INFO     | pipeline | [2/7] Splitting data
2026-03-06 15:05:02 | INFO     | pipeline | Small dataset (120 rows) — auto-adjusted train_months to 10
2026-03-06 15:05:02 | INFO     | data_loader | Train: 44 | Test: 76 | Cutoff: 2012-11-01
2026-03-06 15:05:02 | INFO     | pipeline | [2/7] Splitting data done in 0s
2026-03-06 15:05:02 | INFO     | pipeline | [3/7] Feature engineering
2026-03-06 15:05:03 | INFO     | pipeline | Features: 39 | Train rows: 44 | Test rows: 76
2026-03-06 15:05:03 | INFO     | pipeline | [3/7] Feature engineering done in 0s
2026-03-06 15:05:03 | INFO     | pipeline | [4/7] Training model
2026-03-06 15:05:03 | ERROR    | pipeline | Step 4 (Training model) failed: Training set too small: 44 rows. Check feature engineering dropna.
2026-03-06 15:05:03 | ERROR    | __main__ | Phase 1 failed: Training set too small: 44 rows. Check feature engineering dropna.
2026-03-06 15:07:46 | INFO     | pipeline | ============================================================
2026-03-06 15:07:46 | INFO     | pipeline | PHASE 1: SELF-HEALING DEMAND FORECASTING SYSTEM
2026-03-06 15:07:46 | INFO     | pipeline | ============================================================
2026-03-06 15:07:46 | INFO     | pipeline | [1/7] Loading data
2026-03-06 15:07:46 | INFO     | data_loader | Loaded 120 rows, 8 columns
2026-03-06 15:07:46 | INFO     | data_loader | Stores: 5 | Missing: 0
2026-03-06 15:07:46 | INFO     | pipeline | [1/7] Loading data done in 0s
2026-03-06 15:07:46 | INFO     | pipeline | [2/7] Splitting data
2026-03-06 15:07:46 | INFO     | pipeline | Small dataset (120 rows) — auto-adjusted train_months to 10
2026-03-06 15:07:46 | INFO     | data_loader | Train: 44 | Test: 76 | Cutoff: 2012-11-01
2026-03-06 15:07:46 | INFO     | pipeline | [2/7] Splitting data done in 0s
2026-03-06 15:07:46 | INFO     | pipeline | [3/7] Feature engineering
2026-03-06 15:07:46 | INFO     | pipeline | Features: 39 | Train rows: 44 | Test rows: 76
2026-03-06 15:07:46 | INFO     | pipeline | [3/7] Feature engineering done in 0s
2026-03-06 15:07:46 | INFO     | pipeline | [4/7] Training model
2026-03-06 15:07:46 | ERROR    | pipeline | Step 4 (Training model) failed: Training set too small: 44 rows. Check feature engineering dropna.
2026-03-06 15:07:46 | ERROR    | __main__ | Phase 1 failed: Training set too small: 44 rows. Check feature engineering dropna.
2026-03-06 15:07:53 | INFO     | pipeline | ============================================================
2026-03-06 15:07:53 | INFO     | pipeline | PHASE 1: SELF-HEALING DEMAND FORECASTING SYSTEM
2026-03-06 15:07:53 | INFO     | pipeline | ============================================================
2026-03-06 15:07:53 | INFO     | pipeline | [1/7] Loading data
2026-03-06 15:07:53 | INFO     | data_loader | Loaded 120 rows, 8 columns
2026-03-06 15:07:53 | INFO     | data_loader | Stores: 5 | Missing: 0
2026-03-06 15:07:53 | INFO     | pipeline | [1/7] Loading data done in 0s
2026-03-06 15:07:53 | INFO     | pipeline | [2/7] Splitting data
2026-03-06 15:07:53 | INFO     | pipeline | Small dataset (120 rows) — auto-adjusted train_months to 10
2026-03-06 15:07:53 | INFO     | data_loader | Train: 44 | Test: 76 | Cutoff: 2012-11-01
2026-03-06 15:07:53 | INFO     | pipeline | [2/7] Splitting data done in 0s
2026-03-06 15:07:53 | INFO     | pipeline | [3/7] Feature engineering
2026-03-06 15:07:53 | INFO     | pipeline | Features: 39 | Train rows: 44 | Test rows: 76
2026-03-06 15:07:53 | INFO     | pipeline | [3/7] Feature engineering done in 0s
2026-03-06 15:07:53 | INFO     | pipeline | [4/7] Training model
2026-03-06 15:07:53 | ERROR    | pipeline | Step 4 (Training model) failed: Training set too small: 44 rows. Check feature engineering dropna.
2026-03-06 15:07:53 | ERROR    | __main__ | Phase 1 failed: Training set too small: 44 rows. Check feature engineering dropna.
2026-03-06 15:09:23 | INFO     | pipeline | ============================================================
2026-03-06 15:09:23 | INFO     | pipeline | PHASE 1: SELF-HEALING DEMAND FORECASTING SYSTEM
2026-03-06 15:09:23 | INFO     | pipeline | ============================================================
2026-03-06 15:09:23 | INFO     | pipeline | [1/7] Loading data
2026-03-06 15:09:23 | INFO     | data_loader | Loaded 120 rows, 8 columns
2026-03-06 15:09:23 | INFO     | data_loader | Stores: 5 | Missing: 0
2026-03-06 15:09:23 | INFO     | pipeline | [1/7] Loading data done in 0s
2026-03-06 15:09:23 | INFO     | pipeline | [2/7] Splitting data
2026-03-06 15:09:23 | INFO     | pipeline | Small dataset (120 rows) — auto-adjusted train_months to 10
2026-03-06 15:09:23 | INFO     | data_loader | Train: 44 | Test: 76 | Cutoff: 2012-11-01
2026-03-06 15:09:23 | INFO     | pipeline | [2/7] Splitting data done in 0s
2026-03-06 15:09:23 | INFO     | pipeline | [3/7] Feature engineering
2026-03-06 15:09:23 | INFO     | pipeline | Features: 31 | Train rows: 44 | Test rows: 76
2026-03-06 15:09:23 | INFO     | pipeline | [3/7] Feature engineering done in 0s
2026-03-06 15:09:23 | INFO     | pipeline | [4/7] Training model
2026-03-06 15:09:23 | ERROR    | pipeline | Step 4 (Training model) failed: Training set too small: 44 rows. Check feature engineering dropna.
2026-03-06 15:09:23 | ERROR    | __main__ | Phase 1 failed: Training set too small: 44 rows. Check feature engineering dropna.
2026-03-06 15:10:21 | INFO     | pipeline | ============================================================
2026-03-06 15:10:21 | INFO     | pipeline | PHASE 1: SELF-HEALING DEMAND FORECASTING SYSTEM
2026-03-06 15:10:21 | INFO     | pipeline | ============================================================
2026-03-06 15:10:21 | INFO     | pipeline | [1/7] Loading data
2026-03-06 15:10:21 | INFO     | data_loader | Loaded 120 rows, 8 columns
2026-03-06 15:10:21 | INFO     | data_loader | Stores: 5 | Missing: 0
2026-03-06 15:10:21 | INFO     | pipeline | [1/7] Loading data done in 0s
2026-03-06 15:10:21 | INFO     | pipeline | [2/7] Splitting data
2026-03-06 15:10:21 | INFO     | pipeline | Small dataset (120 rows) — auto-adjusted train_months to 10
2026-03-06 15:10:21 | INFO     | data_loader | Train: 44 | Test: 76 | Cutoff: 2012-11-01
2026-03-06 15:10:21 | INFO     | pipeline | [2/7] Splitting data done in 0s
2026-03-06 15:10:21 | INFO     | pipeline | [3/7] Feature engineering
2026-03-06 15:10:21 | INFO     | pipeline | Features: 31 | Train rows: 44 | Test rows: 76
2026-03-06 15:10:21 | INFO     | pipeline | [3/7] Feature engineering done in 0s
2026-03-06 15:10:21 | INFO     | pipeline | [4/7] Training model
2026-03-06 15:11:35 | INFO     | model_trainer | Best params: {'n_estimators': 200, 'min_samples_split': 2, 'min_samples_leaf': 1, 'min_impurity_decrease': 0.0001, 'max_features': 0.7, 'max_depth': 30}
2026-03-06 15:11:36 | INFO     | model_trainer | RF MAE: 3,152 | GB MAE: 15 | Using: RF | Rows: 44
2026-03-06 15:11:36 | INFO     | model_trainer | train -> RMSE:4058 MAE:3152 R2:0.9871 MAPE:2.38%
2026-03-06 15:11:37 | INFO     | model_trainer | Model saved: models/active_model.pkl | Version: v1_20260306_151136
2026-03-06 15:11:37 | INFO     | model_trainer | Metrics saved: logs/baseline_metrics.json
2026-03-06 15:11:37 | INFO     | drift_detector | Dynamic thresholds set for 31 features
2026-03-06 15:11:38 | INFO     | model_trainer | CI Coverage: 100.00% | Avg Width: 46,920
2026-03-06 15:11:38 | INFO     | drift_detector | Baseline set: 31 features
2026-03-06 15:11:38 | INFO     | pipeline | [4/7] Training model done in 77s
2026-03-06 15:11:38 | INFO     | pipeline | [5/7] Simulating months
2026-03-06 15:11:38 | INFO     | pipeline | Simulating 18 months...
2026-03-06 15:11:38 | WARNING  | pipeline | Skipping 2012-11: only 4 rows
2026-03-06 15:11:39 | INFO     | pipeline |   2012-12: SEVERE (severe=56, mild=4, error_ratio=1.98x)
2026-03-06 15:11:39 | WARNING  | pipeline | Skipping 2013-01: only 4 rows
2026-03-06 15:11:39 | WARNING  | pipeline | Skipping 2013-02: only 4 rows
2026-03-06 15:11:39 | INFO     | pipeline |   2013-03: SEVERE (severe=55, mild=4, error_ratio=1.27x)
2026-03-06 15:11:39 | WARNING  | pipeline | Skipping 2013-04: only 4 rows
2026-03-06 15:11:39 | WARNING  | pipeline | Skipping 2013-05: only 4 rows
2026-03-06 15:11:39 | INFO     | pipeline |   2013-06: SEVERE (severe=56, mild=4, error_ratio=1.18x)
2026-03-06 15:11:39 | WARNING  | pipeline | Skipping 2013-07: only 4 rows
2026-03-06 15:11:39 | WARNING  | pipeline | Skipping 2013-08: only 4 rows
2026-03-06 15:11:40 | INFO     | pipeline |   2013-09: SEVERE (severe=55, mild=5, error_ratio=1.74x)
2026-03-06 15:11:40 | WARNING  | pipeline | Skipping 2013-10: only 4 rows
2026-03-06 15:11:40 | WARNING  | pipeline | Skipping 2013-11: only 4 rows
2026-03-06 15:11:40 | INFO     | pipeline |   2013-12: SEVERE (severe=58, mild=4, error_ratio=2.29x)
2026-03-06 15:11:40 | WARNING  | pipeline | Skipping 2014-01: only 4 rows
2026-03-06 15:11:40 | WARNING  | pipeline | Skipping 2014-02: only 4 rows
2026-03-06 15:11:41 | INFO     | pipeline |   2014-03: SEVERE (severe=56, mild=4, error_ratio=0.86x)
2026-03-06 15:11:41 | WARNING  | pipeline | Skipping 2014-04: only 2 rows
2026-03-06 15:11:41 | INFO     | pipeline | [5/7] Simulating months done in 2s
2026-03-06 15:11:41 | INFO     | pipeline | [6/7] Generating summary
2026-03-06 15:11:41 | INFO     | pipeline | Final Severity: SEVERE | Phase 2 required: Retrain model immediately
2026-03-06 15:11:41 | INFO     | pipeline | [6/7] Generating summary done in 0s
2026-03-06 15:11:41 | INFO     | pipeline | [7/7] Saving results
2026-03-06 15:11:41 | INFO     | log_book | All logs saved
2026-03-06 15:11:41 | INFO     | pipeline | All results saved
2026-03-06 15:11:41 | INFO     | pipeline | [7/7] Saving results done in 0s
2026-03-06 15:11:41 | INFO     | pipeline | PHASE 1 COMPLETE in 79s | Severity: SEVERE
2026-03-06 15:11:41 | INFO     | __main__ | Final Drift Severity: SEVERE
2026-03-06 15:11:41 | INFO     | __main__ | Recommendation: Phase 2 required: Retrain model immediately
2026-03-06 16:49:03 | INFO     | pipeline | ============================================================
2026-03-06 16:49:03 | INFO     | pipeline | PHASE 1: SELF-HEALING DEMAND FORECASTING SYSTEM
2026-03-06 16:49:03 | INFO     | pipeline | ============================================================
2026-03-06 16:49:03 | INFO     | pipeline | [1/7] Loading data
2026-03-06 16:49:03 | INFO     | data_loader | Loaded 120 rows, 8 columns
2026-03-06 16:49:03 | INFO     | data_loader | Stores: 5 | Missing: 0
2026-03-06 16:49:03 | INFO     | pipeline | [1/7] Loading data done in 0s
2026-03-06 16:49:03 | INFO     | pipeline | [2/7] Splitting data
2026-03-06 16:49:03 | INFO     | pipeline | Small dataset (120 rows) — auto-adjusted train_months to 10
2026-03-06 16:49:03 | INFO     | data_loader | Train: 44 | Test: 76 | Cutoff: 2012-11-01
2026-03-06 16:49:03 | INFO     | pipeline | [2/7] Splitting data done in 0s
2026-03-06 16:49:03 | INFO     | pipeline | [3/7] Feature engineering
2026-03-06 16:49:03 | INFO     | pipeline | Features: 31 | Train rows: 44 | Test rows: 76
2026-03-06 16:49:03 | INFO     | pipeline | [3/7] Feature engineering done in 0s
2026-03-06 16:49:03 | INFO     | pipeline | [4/7] Training model
2026-03-06 16:50:10 | INFO     | model_trainer | Best params: {'n_estimators': 200, 'min_samples_split': 2, 'min_samples_leaf': 1, 'min_impurity_decrease': 0.0001, 'max_features': 0.7, 'max_depth': 30}
2026-03-06 16:50:11 | INFO     | model_trainer | RF MAE: 3,152 | GB MAE: 15 | Using: RF | Rows: 44
2026-03-06 16:50:12 | INFO     | model_trainer | train -> RMSE:4058 MAE:3152 R2:0.9871 MAPE:2.38%
2026-03-06 16:50:12 | INFO     | model_trainer | Model saved: models/active_model.pkl | Version: v1_20260306_165012
2026-03-06 16:50:12 | INFO     | model_trainer | Metrics saved: logs/baseline_metrics.json
2026-03-06 16:50:12 | INFO     | drift_detector | Dynamic thresholds set for 31 features
2026-03-06 16:50:13 | INFO     | model_trainer | CI Coverage: 100.00% | Avg Width: 46,920
2026-03-06 16:50:13 | INFO     | drift_detector | Baseline set: 31 features
2026-03-06 16:50:13 | INFO     | pipeline | [4/7] Training model done in 69s
2026-03-06 16:50:13 | INFO     | pipeline | [5/7] Simulating months
2026-03-06 16:50:13 | INFO     | pipeline | Simulating 18 months...
2026-03-06 16:50:13 | WARNING  | pipeline | Skipping 2012-11: only 4 rows
2026-03-06 16:50:14 | INFO     | pipeline |   2012-12: SEVERE (severe=56, mild=4, error_ratio=1.98x)
2026-03-06 16:50:14 | WARNING  | pipeline | Skipping 2013-01: only 4 rows
2026-03-06 16:50:14 | WARNING  | pipeline | Skipping 2013-02: only 4 rows
2026-03-06 16:50:14 | INFO     | pipeline |   2013-03: SEVERE (severe=55, mild=4, error_ratio=1.27x)
2026-03-06 16:50:14 | WARNING  | pipeline | Skipping 2013-04: only 4 rows
2026-03-06 16:50:14 | WARNING  | pipeline | Skipping 2013-05: only 4 rows
2026-03-06 16:50:15 | INFO     | pipeline |   2013-06: SEVERE (severe=56, mild=4, error_ratio=1.18x)
2026-03-06 16:50:15 | WARNING  | pipeline | Skipping 2013-07: only 4 rows
2026-03-06 16:50:15 | WARNING  | pipeline | Skipping 2013-08: only 4 rows
2026-03-06 16:50:15 | INFO     | pipeline |   2013-09: SEVERE (severe=55, mild=5, error_ratio=1.74x)
2026-03-06 16:50:15 | WARNING  | pipeline | Skipping 2013-10: only 4 rows
2026-03-06 16:50:15 | WARNING  | pipeline | Skipping 2013-11: only 4 rows
2026-03-06 16:50:15 | INFO     | pipeline |   2013-12: SEVERE (severe=58, mild=4, error_ratio=2.29x)
2026-03-06 16:50:15 | WARNING  | pipeline | Skipping 2014-01: only 4 rows
2026-03-06 16:50:15 | WARNING  | pipeline | Skipping 2014-02: only 4 rows
2026-03-06 16:50:16 | INFO     | pipeline |   2014-03: SEVERE (severe=56, mild=4, error_ratio=0.86x)
2026-03-06 16:50:16 | WARNING  | pipeline | Skipping 2014-04: only 2 rows
2026-03-06 16:50:16 | INFO     | pipeline | [5/7] Simulating months done in 2s
2026-03-06 16:50:16 | INFO     | pipeline | [6/7] Generating summary
2026-03-06 16:50:16 | INFO     | pipeline | Final Severity: SEVERE | Phase 2 required: Retrain model immediately
2026-03-06 16:50:16 | INFO     | pipeline | [6/7] Generating summary done in 0s
2026-03-06 16:50:16 | INFO     | pipeline | [7/7] Saving results
2026-03-06 16:50:16 | INFO     | log_book | All logs saved
2026-03-06 16:50:16 | INFO     | pipeline | All results saved
2026-03-06 16:50:16 | INFO     | pipeline | [7/7] Saving results done in 0s
2026-03-06 16:50:16 | INFO     | pipeline | PHASE 1 COMPLETE in 72s | Severity: SEVERE
2026-03-06 16:50:16 | INFO     | __main__ | Final Drift Severity: SEVERE
2026-03-06 16:50:16 | INFO     | __main__ | Recommendation: Phase 2 required: Retrain model immediately
2026-03-06 21:12:39 | INFO     | pipeline | ============================================================
2026-03-06 21:12:39 | INFO     | pipeline | PHASE 1: SELF-HEALING DEMAND FORECASTING SYSTEM
2026-03-06 21:12:39 | INFO     | pipeline | ============================================================
2026-03-06 21:12:39 | INFO     | pipeline | [1/7] Loading data
2026-03-06 21:12:40 | INFO     | data_loader | Loaded 120 rows, 8 columns
2026-03-06 21:12:40 | INFO     | data_loader | Stores: 5 | Missing: 0
2026-03-06 21:12:40 | INFO     | pipeline | [1/7] Loading data done in 0s
2026-03-06 21:12:40 | INFO     | pipeline | [2/7] Splitting data
2026-03-06 21:12:40 | INFO     | pipeline | Small dataset (120 rows) — auto-adjusted train_months to 10
2026-03-06 21:12:40 | INFO     | data_loader | Train: 44 | Test: 76 | Cutoff: 2012-11-01
2026-03-06 21:12:40 | INFO     | pipeline | [2/7] Splitting data done in 0s
2026-03-06 21:12:40 | INFO     | pipeline | [3/7] Feature engineering
2026-03-06 21:12:40 | INFO     | pipeline | Features: 67 | Train rows: 44 | Test rows: 76
2026-03-06 21:12:40 | INFO     | pipeline | [3/7] Feature engineering done in 0s
2026-03-06 21:12:40 | INFO     | pipeline | [4/7] Training model
2026-03-06 21:12:56 | INFO     | model_trainer | Best RF params: {'n_estimators': 200, 'min_samples_split': 5, 'min_samples_leaf': 2, 'min_impurity_decrease': 0.0001, 'max_features': 0.7, 'max_depth': 30}
2026-03-06 21:12:58 | INFO     | model_trainer | RF:3,407 GB:18 → RF | Rows:44
2026-03-06 21:12:58 | INFO     | model_trainer | train → RMSE:4254 MAE:3407 R²:0.9858 MAPE:2.58%
2026-03-06 21:12:58 | INFO     | model_trainer | Model saved: models/active_model.pkl | Version:v1_20260306_211258 | Type:RF
2026-03-06 21:12:58 | INFO     | model_trainer | Metrics saved: logs/baseline_metrics.json
2026-03-06 21:12:59 | INFO     | drift_detector | Dynamic thresholds set for 67 features
2026-03-06 21:12:59 | INFO     | model_trainer | CI Coverage:100.00% | Avg Width:37,022
2026-03-06 21:13:00 | INFO     | drift_detector | Baseline set: 67 features
2026-03-06 21:13:00 | INFO     | pipeline | [4/7] Training model done in 19s
2026-03-06 21:13:00 | INFO     | pipeline | [5/7] Simulating months
2026-03-06 21:13:00 | INFO     | pipeline | Simulating 18 months...
2026-03-06 21:13:00 | WARNING  | pipeline | Skipping 2012-11: only 4 rows
2026-03-06 21:13:01 | INFO     | pipeline |   2012-12: SEVERE (severe=120, mild=4, error_ratio=1.86x)
2026-03-06 21:13:01 | WARNING  | pipeline | Skipping 2013-01: only 4 rows
2026-03-06 21:13:01 | WARNING  | pipeline | Skipping 2013-02: only 4 rows
2026-03-06 21:13:02 | INFO     | pipeline |   2013-03: SEVERE (severe=117, mild=6, error_ratio=1.63x)
2026-03-06 21:13:02 | WARNING  | pipeline | Skipping 2013-04: only 4 rows
2026-03-06 21:13:02 | WARNING  | pipeline | Skipping 2013-05: only 4 rows
2026-03-06 21:13:04 | INFO     | pipeline |   2013-06: SEVERE (severe=118, mild=6, error_ratio=1.46x)
2026-03-06 21:13:04 | WARNING  | pipeline | Skipping 2013-07: only 4 rows
2026-03-06 21:13:04 | WARNING  | pipeline | Skipping 2013-08: only 4 rows
2026-03-06 21:13:05 | INFO     | pipeline |   2013-09: SEVERE (severe=115, mild=8, error_ratio=1.55x)
2026-03-06 21:13:05 | WARNING  | pipeline | Skipping 2013-10: only 4 rows
2026-03-06 21:13:05 | WARNING  | pipeline | Skipping 2013-11: only 4 rows
2026-03-06 21:13:06 | INFO     | pipeline |   2013-12: SEVERE (severe=122, mild=4, error_ratio=1.92x)
2026-03-06 21:13:06 | WARNING  | pipeline | Skipping 2014-01: only 4 rows
2026-03-06 21:13:06 | WARNING  | pipeline | Skipping 2014-02: only 4 rows
2026-03-06 21:13:07 | INFO     | pipeline |   2014-03: SEVERE (severe=117, mild=6, error_ratio=0.44x)
2026-03-06 21:13:07 | WARNING  | pipeline | Skipping 2014-04: only 2 rows
2026-03-06 21:13:07 | INFO     | pipeline | [5/7] Simulating months done in 7s
2026-03-06 21:13:07 | INFO     | pipeline | [6/7] Generating summary
2026-03-06 21:13:07 | INFO     | pipeline | Final Severity: SEVERE | Phase 2 required: Retrain model immediately
2026-03-06 21:13:07 | INFO     | pipeline | [6/7] Generating summary done in 0s
2026-03-06 21:13:07 | INFO     | pipeline | [7/7] Saving results
2026-03-06 21:13:07 | INFO     | log_book | All logs saved
2026-03-06 21:13:07 | INFO     | pipeline | All results saved
2026-03-06 21:13:07 | INFO     | pipeline | [7/7] Saving results done in 0s
2026-03-06 21:13:07 | INFO     | pipeline | PHASE 1 COMPLETE in 27s | Severity: SEVERE
2026-03-06 21:13:07 | INFO     | __main__ | Final Drift Severity: SEVERE
2026-03-06 21:13:07 | INFO     | __main__ | Recommendation: Phase 2 required: Retrain model immediately
