2026-03-08 13:57:51 | INFO     | pipeline | ============================================================
2026-03-08 13:57:51 | INFO     | pipeline | PHASE 1: SELF-HEALING DEMAND FORECASTING SYSTEM
2026-03-08 13:57:51 | INFO     | pipeline | ============================================================
2026-03-08 13:57:51 | INFO     | pipeline | [1/7] Loading data
2026-03-08 13:57:51 | INFO     | data_loader | Loaded 120 rows, 8 columns
2026-03-08 13:57:51 | INFO     | data_loader | Stores: 5 | Missing: 0
2026-03-08 13:57:51 | INFO     | pipeline | [1/7] Loading data done in 0s
2026-03-08 13:57:51 | INFO     | pipeline | [2/7] Splitting data
2026-03-08 13:57:51 | INFO     | pipeline | Small dataset (120 rows) — auto-adjusted train_months to 10
2026-03-08 13:57:51 | INFO     | data_loader | Train: 44 | Test: 76 | Cutoff: 2012-11-01
2026-03-08 13:57:51 | INFO     | pipeline | [2/7] Splitting data done in 0s
2026-03-08 13:57:51 | INFO     | pipeline | [3/7] Feature engineering
2026-03-08 13:57:52 | INFO     | pipeline | Features: 67 | Train rows: 44 | Test rows: 76
2026-03-08 13:57:52 | INFO     | pipeline | [3/7] Feature engineering done in 0s
2026-03-08 13:57:52 | INFO     | pipeline | [4/7] Training model
2026-03-08 13:58:11 | INFO     | model_trainer | Best RF params: {'n_estimators': 200, 'min_samples_split': 5, 'min_samples_leaf': 2, 'min_impurity_decrease': 0.0001, 'max_features': 0.7, 'max_depth': 30}
2026-03-08 13:58:14 | INFO     | model_trainer | RF:3,407 GB:18 → RF | Rows:44
2026-03-08 13:58:14 | INFO     | model_trainer | train → RMSE:4254 MAE:3407 R²:0.9858 MAPE:2.58%
2026-03-08 13:58:14 | INFO     | model_trainer | Model saved: models/active_model.pkl | Version:v1_20260308_135814 | Type:RF
2026-03-08 13:58:14 | INFO     | model_trainer | Metrics saved: logs/baseline_metrics.json
2026-03-08 13:58:14 | INFO     | drift_detector | Dynamic thresholds set for 67 features
2026-03-08 13:58:15 | INFO     | model_trainer | CI Coverage:100.00% | Avg Width:37,022
2026-03-08 13:58:15 | INFO     | drift_detector | Baseline set: 67 features
2026-03-08 13:58:16 | INFO     | pipeline | [4/7] Training model done in 23s
2026-03-08 13:58:16 | INFO     | pipeline | [5/7] Simulating months
2026-03-08 13:58:16 | INFO     | pipeline | Simulating 18 months...
2026-03-08 13:58:16 | WARNING  | pipeline | Skipping 2012-11: only 4 rows
2026-03-08 13:58:17 | INFO     | pipeline |   2012-12: SEVERE (severe=120, mild=4, error_ratio=1.86x)
2026-03-08 13:58:17 | WARNING  | pipeline | Skipping 2013-01: only 4 rows
2026-03-08 13:58:17 | WARNING  | pipeline | Skipping 2013-02: only 4 rows
2026-03-08 13:58:18 | INFO     | pipeline |   2013-03: SEVERE (severe=117, mild=6, error_ratio=1.63x)
2026-03-08 13:58:18 | WARNING  | pipeline | Skipping 2013-04: only 4 rows
2026-03-08 13:58:18 | WARNING  | pipeline | Skipping 2013-05: only 4 rows
2026-03-08 13:58:20 | INFO     | pipeline |   2013-06: SEVERE (severe=118, mild=6, error_ratio=1.46x)
2026-03-08 13:58:20 | WARNING  | pipeline | Skipping 2013-07: only 4 rows
2026-03-08 13:58:20 | WARNING  | pipeline | Skipping 2013-08: only 4 rows
2026-03-08 13:58:21 | INFO     | pipeline |   2013-09: SEVERE (severe=115, mild=8, error_ratio=1.55x)
2026-03-08 13:58:21 | WARNING  | pipeline | Skipping 2013-10: only 4 rows
2026-03-08 13:58:21 | WARNING  | pipeline | Skipping 2013-11: only 4 rows
2026-03-08 13:58:22 | INFO     | pipeline |   2013-12: SEVERE (severe=122, mild=4, error_ratio=1.92x)
2026-03-08 13:58:22 | WARNING  | pipeline | Skipping 2014-01: only 4 rows
2026-03-08 13:58:22 | WARNING  | pipeline | Skipping 2014-02: only 4 rows
2026-03-08 13:58:24 | INFO     | pipeline |   2014-03: SEVERE (severe=117, mild=6, error_ratio=0.44x)
2026-03-08 13:58:24 | WARNING  | pipeline | Skipping 2014-04: only 2 rows
2026-03-08 13:58:24 | INFO     | pipeline | [5/7] Simulating months done in 7s
2026-03-08 13:58:24 | INFO     | pipeline | [6/7] Generating summary
2026-03-08 13:58:24 | INFO     | pipeline | Final Severity: SEVERE | Phase 2 required: Retrain model immediately
2026-03-08 13:58:24 | INFO     | pipeline | [6/7] Generating summary done in 0s
2026-03-08 13:58:24 | INFO     | pipeline | [7/7] Saving results
2026-03-08 13:58:24 | INFO     | log_book | All logs saved
2026-03-08 13:58:24 | INFO     | pipeline | All results saved
2026-03-08 13:58:24 | INFO     | pipeline | [7/7] Saving results done in 0s
2026-03-08 13:58:24 | INFO     | pipeline | PHASE 1 COMPLETE in 32s | Severity: SEVERE
2026-03-08 13:58:24 | INFO     | __main__ | Final Drift Severity: SEVERE
2026-03-08 13:58:24 | INFO     | __main__ | Recommendation: Phase 2 required: Retrain model immediately
2026-03-08 21:55:56 | INFO     | demand_analyzer | Loaded 120 rows for demand analysis
2026-03-08 21:55:56 | INFO     | demand_analyzer | Demand metrics calculated: avg=137,253
2026-03-08 21:55:56 | INFO     | demand_analyzer | Loaded 120 rows for demand analysis
2026-03-08 21:55:56 | INFO     | demand_analyzer | Loaded 120 rows for demand analysis
2026-03-08 21:55:56 | INFO     | demand_analyzer | Loaded 120 rows for demand analysis
2026-03-08 22:02:08 | INFO     | demand_analyzer | Loaded 120 rows for demand analysis
2026-03-08 22:02:08 | INFO     | demand_analyzer | Demand metrics calculated: avg=137,253
2026-03-08 22:09:14 | INFO     | demand_analyzer | Loaded 120 rows for demand analysis
2026-03-08 22:09:14 | INFO     | demand_analyzer | Demand metrics calculated: avg=137,253
2026-03-08 22:09:14 | INFO     | demand_analyzer | Loaded 120 rows for demand analysis
2026-03-08 22:09:14 | INFO     | demand_analyzer | Loaded 120 rows for demand analysis
2026-03-08 22:09:14 | INFO     | demand_analyzer | Loaded 120 rows for demand analysis
2026-03-08 22:10:35 | INFO     | pipeline | ============================================================
2026-03-08 22:10:35 | INFO     | pipeline | PHASE 1: SELF-HEALING DEMAND FORECASTING SYSTEM
2026-03-08 22:10:35 | INFO     | pipeline | ============================================================
2026-03-08 22:10:35 | INFO     | pipeline | [1/7] Loading data
2026-03-08 22:10:35 | INFO     | data_loader | Loaded 120 rows, 8 columns
2026-03-08 22:10:35 | INFO     | data_loader | Stores: 5 | Missing: 0
2026-03-08 22:10:35 | INFO     | pipeline | [1/7] Loading data done in 0s
2026-03-08 22:10:35 | INFO     | pipeline | [2/7] Splitting data
2026-03-08 22:10:35 | INFO     | pipeline | Small dataset (120 rows) — auto-adjusted train_months to 10
2026-03-08 22:10:35 | INFO     | data_loader | Train: 44 | Test: 76 | Cutoff: 2012-11-01
2026-03-08 22:10:35 | INFO     | pipeline | [2/7] Splitting data done in 0s
2026-03-08 22:10:35 | INFO     | pipeline | [3/7] Feature engineering
2026-03-08 22:10:35 | INFO     | pipeline | Features: 67 | Train rows: 44 | Test rows: 76
2026-03-08 22:10:35 | INFO     | pipeline | [3/7] Feature engineering done in 0s
2026-03-08 22:10:35 | INFO     | pipeline | [4/7] Training model
2026-03-08 22:10:42 | INFO     | model_trainer | Best RF params: {'n_estimators': 200, 'min_samples_split': 5, 'min_samples_leaf': 2, 'min_impurity_decrease': 0.0001, 'max_features': 0.7, 'max_depth': 30}
2026-03-08 22:10:42 | INFO     | model_trainer | RF:3,407 GB:18 → RF | Rows:44
2026-03-08 22:10:42 | INFO     | model_trainer | train → RMSE:4254 MAE:3407 R²:0.9858 MAPE:2.58%
2026-03-08 22:10:42 | INFO     | model_trainer | Model saved: models/active_model.pkl | Version:v1_20260308_221042 | Type:RF
2026-03-08 22:10:42 | INFO     | model_trainer | Metrics saved: logs/baseline_metrics.json
2026-03-08 22:10:43 | INFO     | drift_detector | Dynamic thresholds set for 67 features
2026-03-08 22:10:43 | INFO     | model_trainer | CI Coverage:100.00% | Avg Width:37,022
2026-03-08 22:10:43 | INFO     | drift_detector | Baseline set: 67 features
2026-03-08 22:10:43 | INFO     | pipeline | [4/7] Training model done in 7s
2026-03-08 22:10:43 | INFO     | pipeline | [5/7] Simulating months
2026-03-08 22:10:43 | INFO     | pipeline | Simulating 18 months...
2026-03-08 22:10:43 | WARNING  | pipeline | Skipping 2012-11: only 4 rows
2026-03-08 22:10:43 | INFO     | pipeline |   2012-12: SEVERE (severe=120, mild=4, error_ratio=1.86x)
2026-03-08 22:10:43 | WARNING  | pipeline | Skipping 2013-01: only 4 rows
2026-03-08 22:10:43 | WARNING  | pipeline | Skipping 2013-02: only 4 rows
2026-03-08 22:10:44 | INFO     | pipeline |   2013-03: SEVERE (severe=117, mild=6, error_ratio=1.63x)
2026-03-08 22:10:44 | WARNING  | pipeline | Skipping 2013-04: only 4 rows
2026-03-08 22:10:44 | WARNING  | pipeline | Skipping 2013-05: only 4 rows
2026-03-08 22:10:44 | INFO     | pipeline |   2013-06: SEVERE (severe=118, mild=6, error_ratio=1.46x)
2026-03-08 22:10:44 | WARNING  | pipeline | Skipping 2013-07: only 4 rows
2026-03-08 22:10:44 | WARNING  | pipeline | Skipping 2013-08: only 4 rows
2026-03-08 22:10:44 | INFO     | pipeline |   2013-09: SEVERE (severe=115, mild=8, error_ratio=1.55x)
2026-03-08 22:10:44 | WARNING  | pipeline | Skipping 2013-10: only 4 rows
2026-03-08 22:10:44 | WARNING  | pipeline | Skipping 2013-11: only 4 rows
2026-03-08 22:10:45 | INFO     | pipeline |   2013-12: SEVERE (severe=122, mild=4, error_ratio=1.92x)
2026-03-08 22:10:45 | WARNING  | pipeline | Skipping 2014-01: only 4 rows
2026-03-08 22:10:45 | WARNING  | pipeline | Skipping 2014-02: only 4 rows
2026-03-08 22:10:45 | INFO     | pipeline |   2014-03: SEVERE (severe=117, mild=6, error_ratio=0.44x)
2026-03-08 22:10:45 | WARNING  | pipeline | Skipping 2014-04: only 2 rows
2026-03-08 22:10:45 | INFO     | pipeline | [5/7] Simulating months done in 2s
2026-03-08 22:10:45 | INFO     | pipeline | [6/7] Generating summary
2026-03-08 22:10:45 | INFO     | pipeline | Final Severity: SEVERE | Phase 2 required: Retrain model immediately
2026-03-08 22:10:45 | INFO     | pipeline | [6/7] Generating summary done in 0s
2026-03-08 22:10:45 | INFO     | pipeline | [7/7] Saving results
2026-03-08 22:10:45 | INFO     | log_book | All logs saved
2026-03-08 22:10:45 | INFO     | pipeline | All results saved
2026-03-08 22:10:45 | INFO     | pipeline | [7/7] Saving results done in 0s
2026-03-08 22:10:45 | INFO     | pipeline | PHASE 1 COMPLETE in 10s | Severity: SEVERE
2026-03-08 22:10:45 | INFO     | __main__ | Final Drift Severity: SEVERE
2026-03-08 22:10:45 | INFO     | __main__ | Recommendation: Phase 2 required: Retrain model immediately
2026-03-08 22:15:35 | INFO     | demand_analyzer | Loaded 120 rows for demand analysis
2026-03-08 22:15:35 | INFO     | demand_analyzer | Demand metrics calculated: avg=137,253
2026-03-08 22:15:35 | INFO     | demand_analyzer | Loaded 120 rows for demand analysis
2026-03-08 22:15:35 | INFO     | demand_analyzer | Loaded 120 rows for demand analysis
2026-03-08 22:15:35 | INFO     | demand_analyzer | Loaded 120 rows for demand analysis
2026-03-08 22:15:37 | INFO     | demand_analyzer | Loaded 120 rows for demand analysis
2026-03-08 22:15:37 | INFO     | demand_analyzer | Demand metrics calculated: avg=137,253
2026-03-08 22:15:37 | INFO     | demand_analyzer | Loaded 120 rows for demand analysis
2026-03-08 22:15:37 | INFO     | demand_analyzer | Loaded 120 rows for demand analysis
2026-03-08 22:15:37 | INFO     | demand_analyzer | Loaded 120 rows for demand analysis
