2026-03-15 12:21:28 | INFO     | demand_analyzer | Loaded 120 rows for demand analysis
2026-03-15 12:21:28 | INFO     | demand_analyzer | Demand metrics calculated: avg=137,253
2026-03-15 12:21:28 | INFO     | demand_analyzer | Loaded 120 rows for demand analysis
2026-03-15 12:21:28 | INFO     | demand_analyzer | Loaded 120 rows for demand analysis
2026-03-15 12:21:28 | INFO     | demand_analyzer | Loaded 120 rows for demand analysis
2026-03-15 12:25:49 | INFO     | pipeline | ============================================================
2026-03-15 12:25:49 | INFO     | pipeline | PHASE 1: SELF-HEALING DEMAND FORECASTING SYSTEM
2026-03-15 12:25:49 | INFO     | pipeline | ============================================================
2026-03-15 12:25:49 | INFO     | pipeline | [1/7] Loading data
2026-03-15 12:25:49 | INFO     | data_loader | Loaded 120 rows, 8 columns
2026-03-15 12:25:49 | INFO     | data_loader | Stores: 5 | Missing: 0
2026-03-15 12:25:49 | INFO     | pipeline | [1/7] Loading data done in 0s
2026-03-15 12:25:49 | INFO     | pipeline | [2/7] Splitting data
2026-03-15 12:25:49 | INFO     | pipeline | Small dataset (120 rows) — auto-adjusted train_months to 10
2026-03-15 12:25:49 | INFO     | data_loader | Train: 44 | Test: 76 | Cutoff: 2012-11-01
2026-03-15 12:25:49 | INFO     | pipeline | [2/7] Splitting data done in 0s
2026-03-15 12:25:49 | INFO     | pipeline | [3/7] Feature engineering
2026-03-15 12:25:49 | INFO     | pipeline | Features: 67 | Train rows: 44 | Test rows: 76
2026-03-15 12:25:49 | INFO     | pipeline | [3/7] Feature engineering done in 0s
2026-03-15 12:25:49 | INFO     | pipeline | [4/7] Training model
2026-03-15 12:25:56 | INFO     | model_trainer | Best RF params: {'n_estimators': 200, 'min_samples_split': 5, 'min_samples_leaf': 2, 'min_impurity_decrease': 0.0, 'max_features': 0.7, 'max_depth': 30}
2026-03-15 12:25:56 | INFO     | model_trainer | RF:3,407 GB:18 → RF | Rows:44
2026-03-15 12:25:56 | INFO     | model_trainer | train → RMSE:4254 MAE:3407 R²:0.9858 MAPE:2.58%
2026-03-15 12:25:57 | INFO     | model_trainer | Model saved: models/active_model.pkl | Version:v1_20260315_122556 | Type:RF
2026-03-15 12:25:57 | INFO     | model_trainer | Metrics saved: logs/baseline_metrics.json
2026-03-15 12:25:57 | INFO     | drift_detector | Dynamic thresholds set for 67 features
2026-03-15 12:25:57 | INFO     | model_trainer | CI Coverage:100.00% | Avg Width:37,022
2026-03-15 12:25:57 | INFO     | drift_detector | Baseline set: 67 features
2026-03-15 12:25:57 | INFO     | pipeline | [4/7] Training model done in 8s
2026-03-15 12:25:57 | INFO     | pipeline | [5/7] Simulating months
2026-03-15 12:25:57 | INFO     | pipeline | Simulating 18 months...
2026-03-15 12:25:57 | WARNING  | pipeline | Skipping 2012-11: only 4 rows
2026-03-15 12:25:57 | INFO     | pipeline |   2012-12: SEVERE (severe=120, mild=4, error_ratio=1.86x)
2026-03-15 12:25:57 | WARNING  | pipeline | Skipping 2013-01: only 4 rows
2026-03-15 12:25:57 | WARNING  | pipeline | Skipping 2013-02: only 4 rows
2026-03-15 12:25:58 | INFO     | pipeline |   2013-03: SEVERE (severe=117, mild=6, error_ratio=1.63x)
2026-03-15 12:25:58 | WARNING  | pipeline | Skipping 2013-04: only 4 rows
2026-03-15 12:25:58 | WARNING  | pipeline | Skipping 2013-05: only 4 rows
2026-03-15 12:25:58 | INFO     | pipeline |   2013-06: SEVERE (severe=118, mild=6, error_ratio=1.46x)
2026-03-15 12:25:58 | WARNING  | pipeline | Skipping 2013-07: only 4 rows
2026-03-15 12:25:58 | WARNING  | pipeline | Skipping 2013-08: only 4 rows
2026-03-15 12:25:59 | INFO     | pipeline |   2013-09: SEVERE (severe=115, mild=8, error_ratio=1.55x)
2026-03-15 12:25:59 | WARNING  | pipeline | Skipping 2013-10: only 4 rows
2026-03-15 12:25:59 | WARNING  | pipeline | Skipping 2013-11: only 4 rows
2026-03-15 12:25:59 | INFO     | pipeline |   2013-12: SEVERE (severe=122, mild=4, error_ratio=1.92x)
2026-03-15 12:25:59 | WARNING  | pipeline | Skipping 2014-01: only 4 rows
2026-03-15 12:25:59 | WARNING  | pipeline | Skipping 2014-02: only 4 rows
2026-03-15 12:25:59 | INFO     | pipeline |   2014-03: SEVERE (severe=117, mild=6, error_ratio=0.44x)
2026-03-15 12:25:59 | WARNING  | pipeline | Skipping 2014-04: only 2 rows
2026-03-15 12:25:59 | INFO     | pipeline | [5/7] Simulating months done in 2s
2026-03-15 12:25:59 | INFO     | pipeline | [6/7] Generating summary
2026-03-15 12:25:59 | INFO     | pipeline | Final Severity: SEVERE | Severe drift detected: Healing actions applied
2026-03-15 12:25:59 | INFO     | pipeline | [6/7] Generating summary done in 0s
2026-03-15 12:25:59 | INFO     | pipeline | [7/7] Saving results
2026-03-15 12:25:59 | INFO     | log_book | All logs saved
2026-03-15 12:25:59 | INFO     | pipeline | All results saved
2026-03-15 12:25:59 | INFO     | pipeline | [7/7] Saving results done in 0s
2026-03-15 12:25:59 | INFO     | pipeline | PHASE 1 COMPLETE in 10s
2026-03-15 12:25:59 | INFO     | __main__ | Final Drift Severity: SEVERE
2026-03-15 12:25:59 | INFO     | __main__ | Recommendation: Severe drift detected: Healing actions applied
2026-03-15 12:34:48 | INFO     | demand_analyzer | Loaded 120 rows for demand analysis
2026-03-15 12:34:48 | INFO     | demand_analyzer | Demand metrics calculated: avg=137,253
2026-03-15 12:34:48 | INFO     | demand_analyzer | Loaded 120 rows for demand analysis
2026-03-15 12:34:48 | INFO     | demand_analyzer | Loaded 120 rows for demand analysis
2026-03-15 12:34:48 | INFO     | demand_analyzer | Loaded 120 rows for demand analysis
2026-03-15 12:34:50 | INFO     | demand_analyzer | Loaded 120 rows for demand analysis
2026-03-15 12:34:50 | INFO     | demand_analyzer | Demand metrics calculated: avg=137,253
2026-03-15 12:34:50 | INFO     | demand_analyzer | Loaded 120 rows for demand analysis
2026-03-15 12:34:50 | INFO     | demand_analyzer | Loaded 120 rows for demand analysis
2026-03-15 12:34:50 | INFO     | demand_analyzer | Loaded 120 rows for demand analysis
2026-03-15 12:34:54 | INFO     | demand_analyzer | Loaded 120 rows for demand analysis
2026-03-15 12:34:54 | INFO     | demand_analyzer | Demand metrics calculated: avg=137,253
2026-03-15 12:34:54 | INFO     | demand_analyzer | Loaded 120 rows for demand analysis
2026-03-15 12:34:54 | INFO     | demand_analyzer | Loaded 120 rows for demand analysis
2026-03-15 12:34:54 | INFO     | demand_analyzer | Loaded 120 rows for demand analysis
2026-03-15 12:36:54 | INFO     | demand_analyzer | Loaded 120 rows for demand analysis
2026-03-15 12:36:54 | INFO     | demand_analyzer | Demand metrics calculated: avg=137,253
2026-03-15 12:36:54 | INFO     | demand_analyzer | Loaded 120 rows for demand analysis
2026-03-15 12:36:54 | INFO     | demand_analyzer | Loaded 120 rows for demand analysis
2026-03-15 12:36:54 | INFO     | demand_analyzer | Loaded 120 rows for demand analysis
2026-03-15 12:36:56 | INFO     | demand_analyzer | Loaded 120 rows for demand analysis
2026-03-15 12:36:56 | INFO     | demand_analyzer | Demand metrics calculated: avg=137,253
2026-03-15 12:36:56 | INFO     | demand_analyzer | Loaded 120 rows for demand analysis
2026-03-15 12:36:56 | INFO     | demand_analyzer | Loaded 120 rows for demand analysis
2026-03-15 12:36:56 | INFO     | demand_analyzer | Loaded 120 rows for demand analysis
2026-03-15 12:39:24 | INFO     | demand_analyzer | Loaded 120 rows for demand analysis
2026-03-15 12:39:24 | INFO     | demand_analyzer | Demand metrics calculated: avg=137,253
2026-03-15 12:39:24 | INFO     | demand_analyzer | Loaded 120 rows for demand analysis
2026-03-15 12:39:24 | INFO     | demand_analyzer | Loaded 120 rows for demand analysis
2026-03-15 12:39:24 | INFO     | demand_analyzer | Loaded 120 rows for demand analysis
2026-03-15 12:39:25 | INFO     | demand_analyzer | Loaded 120 rows for demand analysis
2026-03-15 12:39:25 | INFO     | demand_analyzer | Demand metrics calculated: avg=137,253
2026-03-15 12:39:25 | INFO     | demand_analyzer | Loaded 120 rows for demand analysis
2026-03-15 12:39:25 | INFO     | demand_analyzer | Loaded 120 rows for demand analysis
2026-03-15 12:39:25 | INFO     | demand_analyzer | Loaded 120 rows for demand analysis
2026-03-15 12:40:30 | INFO     | pipeline | ============================================================
2026-03-15 12:40:30 | INFO     | pipeline | PHASE 1: SELF-HEALING DEMAND FORECASTING SYSTEM
2026-03-15 12:40:30 | INFO     | pipeline | ============================================================
2026-03-15 12:40:30 | INFO     | pipeline | [1/7] Loading data
2026-03-15 12:40:30 | INFO     | data_loader | Loaded 120 rows, 8 columns
2026-03-15 12:40:30 | INFO     | data_loader | Stores: 5 | Missing: 0
2026-03-15 12:40:30 | INFO     | pipeline | [1/7] Loading data done in 0s
2026-03-15 12:40:30 | INFO     | pipeline | [2/7] Splitting data
2026-03-15 12:40:30 | INFO     | pipeline | Small dataset (120 rows) — auto-adjusted train_months to 10
2026-03-15 12:40:30 | INFO     | data_loader | Train: 44 | Test: 76 | Cutoff: 2012-11-01
2026-03-15 12:40:30 | INFO     | pipeline | [2/7] Splitting data done in 0s
2026-03-15 12:40:30 | INFO     | pipeline | [3/7] Feature engineering
2026-03-15 12:40:30 | INFO     | pipeline | Features: 67 | Train rows: 44 | Test rows: 76
2026-03-15 12:40:30 | INFO     | pipeline | [3/7] Feature engineering done in 0s
2026-03-15 12:40:30 | INFO     | pipeline | [4/7] Training model
2026-03-15 12:40:37 | INFO     | model_trainer | Best RF params: {'n_estimators': 200, 'min_samples_split': 5, 'min_samples_leaf': 2, 'min_impurity_decrease': 0.0, 'max_features': 0.7, 'max_depth': 30}
2026-03-15 12:40:37 | INFO     | model_trainer | RF:3,407 GB:18 → RF | Rows:44
2026-03-15 12:40:37 | INFO     | model_trainer | train → RMSE:4254 MAE:3407 R²:0.9858 MAPE:2.58%
2026-03-15 12:40:38 | INFO     | model_trainer | Model saved: models/active_model.pkl | Version:v1_20260315_124037 | Type:RF
2026-03-15 12:40:38 | INFO     | model_trainer | Metrics saved: logs/baseline_metrics.json
2026-03-15 12:40:38 | INFO     | drift_detector | Dynamic thresholds set for 67 features
2026-03-15 12:40:38 | INFO     | model_trainer | CI Coverage:100.00% | Avg Width:37,022
2026-03-15 12:40:38 | INFO     | drift_detector | Baseline set: 67 features
2026-03-15 12:40:38 | INFO     | pipeline | [4/7] Training model done in 8s
2026-03-15 12:40:38 | INFO     | pipeline | [5/7] Simulating months
2026-03-15 12:40:38 | INFO     | pipeline | Simulating 18 months...
2026-03-15 12:40:38 | WARNING  | pipeline | Skipping 2012-11: only 4 rows
2026-03-15 12:40:38 | INFO     | healing_status | 🔧 Fine-tuning started for 2012-12
2026-03-15 12:40:38 | WARNING  | healing_status | ❌ Fine-tuning failed or rolled back
2026-03-15 12:40:38 | INFO     | pipeline |   2012-12: FINE-TUNE | Improvement: 0.0%
2026-03-15 12:40:38 | WARNING  | pipeline | Skipping 2013-01: only 4 rows
2026-03-15 12:40:38 | WARNING  | pipeline | Skipping 2013-02: only 4 rows
2026-03-15 12:40:39 | INFO     | healing_status | 🔧 Fine-tuning started for 2013-03
2026-03-15 12:40:39 | WARNING  | healing_status | ❌ Fine-tuning failed or rolled back
2026-03-15 12:40:39 | INFO     | pipeline |   2013-03: FINE-TUNE | Improvement: 0.0%
2026-03-15 12:40:39 | WARNING  | pipeline | Skipping 2013-04: only 4 rows
2026-03-15 12:40:39 | WARNING  | pipeline | Skipping 2013-05: only 4 rows
2026-03-15 12:40:39 | INFO     | healing_status | 🔧 Fine-tuning started for 2013-06
2026-03-15 12:40:39 | WARNING  | healing_status | ❌ Fine-tuning failed or rolled back
2026-03-15 12:40:39 | INFO     | pipeline |   2013-06: FINE-TUNE | Improvement: 0.0%
2026-03-15 12:40:39 | WARNING  | pipeline | Skipping 2013-07: only 4 rows
2026-03-15 12:40:39 | WARNING  | pipeline | Skipping 2013-08: only 4 rows
2026-03-15 12:40:39 | INFO     | healing_status | 🔧 Fine-tuning started for 2013-09
2026-03-15 12:40:39 | WARNING  | healing_status | ❌ Fine-tuning failed or rolled back
2026-03-15 12:40:39 | INFO     | pipeline |   2013-09: FINE-TUNE | Improvement: 0.0%
2026-03-15 12:40:39 | WARNING  | pipeline | Skipping 2013-10: only 4 rows
2026-03-15 12:40:39 | WARNING  | pipeline | Skipping 2013-11: only 4 rows
2026-03-15 12:40:40 | INFO     | healing_status | 🔧 Fine-tuning started for 2013-12
2026-03-15 12:40:40 | WARNING  | healing_status | ❌ Fine-tuning failed or rolled back
2026-03-15 12:40:40 | INFO     | pipeline |   2013-12: FINE-TUNE | Improvement: 0.0%
2026-03-15 12:40:40 | WARNING  | pipeline | Skipping 2014-01: only 4 rows
2026-03-15 12:40:40 | WARNING  | pipeline | Skipping 2014-02: only 4 rows
2026-03-15 12:40:40 | INFO     | healing_status | 🔧 Fine-tuning started for 2014-03
2026-03-15 12:40:40 | WARNING  | healing_status | ❌ Fine-tuning failed or rolled back
2026-03-15 12:40:40 | INFO     | pipeline |   2014-03: FINE-TUNE | Improvement: 0.0%
2026-03-15 12:40:40 | WARNING  | pipeline | Skipping 2014-04: only 2 rows
2026-03-15 12:40:40 | INFO     | pipeline | [5/7] Simulating months done in 2s
2026-03-15 12:40:40 | INFO     | pipeline | [6/7] Generating summary
2026-03-15 12:40:40 | INFO     | pipeline | Final Severity: SEVERE | Severe drift detected: Fine-tuning applied
2026-03-15 12:40:40 | INFO     | pipeline | Healing Summary: {'total_actions': 6, 'monitor_only': 6, 'fine_tuned': 0, 'rollbacks': 0}
2026-03-15 12:40:40 | INFO     | pipeline | [6/7] Generating summary done in 0s
2026-03-15 12:40:40 | INFO     | pipeline | [7/7] Saving results
2026-03-15 12:40:40 | INFO     | log_book | All logs saved
2026-03-15 12:40:40 | INFO     | pipeline | All results saved
2026-03-15 12:40:40 | INFO     | pipeline | [7/7] Saving results done in 0s
2026-03-15 12:40:40 | INFO     | pipeline | PHASE 1 COMPLETE in 10s
2026-03-15 12:40:40 | INFO     | __main__ | Final Drift Severity: SEVERE
2026-03-15 12:40:40 | INFO     | __main__ | Recommendation: Severe drift detected: Fine-tuning applied
