2026-03-05 19:25:33 | INFO     | pipeline | ============================================================
2026-03-05 19:25:33 | INFO     | pipeline | PHASE 1: SELF-HEALING DEMAND FORECASTING SYSTEM
2026-03-05 19:25:33 | INFO     | pipeline | ============================================================
2026-03-05 19:25:33 | INFO     | pipeline | [1/7] Loading data
2026-03-05 19:25:33 | INFO     | pipeline | [1/7] Loading data done in 0s
2026-03-05 19:25:33 | INFO     | pipeline | [2/7] Splitting data
2026-03-05 19:25:33 | INFO     | pipeline | [2/7] Splitting data done in 0s
2026-03-05 19:25:33 | INFO     | pipeline | [3/7] Feature engineering
2026-03-05 19:25:34 | INFO     | pipeline | Features: 49 | Train rows: 45 | Test rows: 1710
2026-03-05 19:25:34 | INFO     | pipeline | [3/7] Feature engineering done in 0s
2026-03-05 19:25:34 | INFO     | pipeline | [4/7] Training model
2026-03-05 19:25:34 | ERROR    | pipeline | Step 4 (Training model) failed: Training set too small: 45 rows. Check feature engineering dropna.
2026-03-05 19:25:34 | ERROR    | __main__ | Phase 1 failed: Training set too small: 45 rows. Check feature engineering dropna.
2026-03-05 19:26:38 | INFO     | pipeline | ============================================================
2026-03-05 19:26:38 | INFO     | pipeline | PHASE 1: SELF-HEALING DEMAND FORECASTING SYSTEM
2026-03-05 19:26:38 | INFO     | pipeline | ============================================================
2026-03-05 19:26:38 | INFO     | pipeline | [1/7] Loading data
2026-03-05 19:26:38 | INFO     | pipeline | [1/7] Loading data done in 0s
2026-03-05 19:26:38 | INFO     | pipeline | [2/7] Splitting data
2026-03-05 19:26:38 | INFO     | pipeline | [2/7] Splitting data done in 0s
2026-03-05 19:26:38 | INFO     | pipeline | [3/7] Feature engineering
2026-03-05 19:26:39 | INFO     | pipeline | Features: 49 | Train rows: 2385 | Test rows: 4050
2026-03-05 19:26:39 | INFO     | pipeline | [3/7] Feature engineering done in 0s
2026-03-05 19:26:39 | INFO     | pipeline | [4/7] Training model
2026-03-05 19:28:07 | INFO     | model_trainer | RF MAE: 8,521 | GB MAE: 6,910 | Using: GB | Rows: 2385
2026-03-05 19:28:08 | INFO     | pipeline | [4/7] Training model done in 88s
2026-03-05 19:28:08 | INFO     | pipeline | [5/7] Simulating months
2026-03-05 19:28:08 | INFO     | pipeline | Simulating 21 months...
2026-03-05 19:28:08 | INFO     | pipeline |   2011-02: SEVERE (severe=74, mild=10, error_ratio=2.65x)
2026-03-05 19:28:08 | INFO     | pipeline |   2011-03: SEVERE (severe=51, mild=23, error_ratio=2.32x)
2026-03-05 19:28:08 | INFO     | pipeline |   2011-04: SEVERE (severe=52, mild=21, error_ratio=2.18x)
2026-03-05 19:28:08 | INFO     | pipeline |   2011-05: SEVERE (severe=58, mild=20, error_ratio=1.97x)
2026-03-05 19:28:09 | INFO     | pipeline |   2011-06: SEVERE (severe=55, mild=21, error_ratio=2.12x)
2026-03-05 19:28:09 | INFO     | pipeline |   2011-07: SEVERE (severe=60, mild=21, error_ratio=2.04x)
2026-03-05 19:28:09 | INFO     | pipeline |   2011-08: SEVERE (severe=59, mild=21, error_ratio=2.10x)
2026-03-05 19:28:09 | INFO     | pipeline |   2011-09: SEVERE (severe=59, mild=21, error_ratio=2.39x)
2026-03-05 19:28:10 | INFO     | pipeline |   2011-10: SEVERE (severe=59, mild=22, error_ratio=2.09x)
2026-03-05 19:28:10 | INFO     | pipeline |   2011-11: SEVERE (severe=59, mild=21, error_ratio=3.48x)
2026-03-05 19:28:10 | INFO     | pipeline |   2011-12: SEVERE (severe=66, mild=12, error_ratio=4.84x)
2026-03-05 19:28:10 | INFO     | pipeline |   2012-01: SEVERE (severe=69, mild=12, error_ratio=2.85x)
2026-03-05 19:28:10 | INFO     | pipeline |   2012-02: SEVERE (severe=65, mild=16, error_ratio=3.68x)
2026-03-05 19:28:11 | INFO     | pipeline |   2012-03: SEVERE (severe=58, mild=19, error_ratio=3.29x)
2026-03-05 19:28:11 | INFO     | pipeline |   2012-04: SEVERE (severe=57, mild=20, error_ratio=3.33x)
2026-03-05 19:28:11 | INFO     | pipeline |   2012-05: SEVERE (severe=59, mild=20, error_ratio=4.74x)
2026-03-05 19:28:11 | INFO     | pipeline |   2012-06: SEVERE (severe=62, mild=20, error_ratio=6.25x)
2026-03-05 19:28:11 | INFO     | pipeline |   2012-07: SEVERE (severe=65, mild=18, error_ratio=3.44x)
2026-03-05 19:28:12 | INFO     | pipeline |   2012-08: SEVERE (severe=61, mild=22, error_ratio=3.63x)
2026-03-05 19:28:12 | INFO     | pipeline |   2012-09: SEVERE (severe=59, mild=21, error_ratio=3.41x)
2026-03-05 19:28:12 | INFO     | pipeline |   2012-10: SEVERE (severe=58, mild=21, error_ratio=3.40x)
2026-03-05 19:28:12 | INFO     | pipeline | [5/7] Simulating months done in 4s
2026-03-05 19:28:12 | INFO     | pipeline | [6/7] Generating summary
2026-03-05 19:28:12 | INFO     | pipeline | Final Severity: SEVERE | Phase 2 required: Retrain model immediately
2026-03-05 19:28:12 | INFO     | pipeline | [6/7] Generating summary done in 0s
2026-03-05 19:28:12 | INFO     | pipeline | [7/7] Saving results
2026-03-05 19:28:12 | INFO     | pipeline | All results saved
2026-03-05 19:28:12 | INFO     | pipeline | [7/7] Saving results done in 0s
2026-03-05 19:28:12 | INFO     | pipeline | PHASE 1 COMPLETE in 93s | Severity: SEVERE
2026-03-05 19:28:12 | INFO     | __main__ | Final Drift Severity: SEVERE
2026-03-05 19:28:12 | INFO     | __main__ | Recommendation: Phase 2 required: Retrain model immediately
2026-03-05 19:31:52 | INFO     | pipeline | ============================================================
2026-03-05 19:31:52 | INFO     | pipeline | PHASE 1: SELF-HEALING DEMAND FORECASTING SYSTEM
2026-03-05 19:31:52 | INFO     | pipeline | ============================================================
2026-03-05 19:31:52 | INFO     | pipeline | [1/7] Loading data
2026-03-05 19:31:52 | INFO     | pipeline | [1/7] Loading data done in 0s
2026-03-05 19:31:52 | INFO     | pipeline | [2/7] Splitting data
2026-03-05 19:31:52 | INFO     | pipeline | [2/7] Splitting data done in 0s
2026-03-05 19:31:52 | INFO     | pipeline | [3/7] Feature engineering
2026-03-05 19:31:53 | INFO     | pipeline | Features: 49 | Train rows: 2385 | Test rows: 4050
2026-03-05 19:31:53 | INFO     | pipeline | [3/7] Feature engineering done in 0s
2026-03-05 19:31:53 | INFO     | pipeline | [4/7] Training model
2026-03-05 19:33:32 | INFO     | model_trainer | RF MAE: 8,521 | GB MAE: 6,910 | Using: GB | Rows: 2385
2026-03-05 19:33:32 | INFO     | pipeline | [4/7] Training model done in 99s
2026-03-05 19:33:32 | INFO     | pipeline | [5/7] Simulating months
2026-03-05 19:33:32 | INFO     | pipeline | Simulating 21 months...
2026-03-05 19:33:32 | INFO     | pipeline |   2011-02: SEVERE (severe=74, mild=10, error_ratio=2.65x)
2026-03-05 19:33:32 | INFO     | pipeline |   2011-03: SEVERE (severe=51, mild=23, error_ratio=2.32x)
2026-03-05 19:33:32 | INFO     | pipeline |   2011-04: SEVERE (severe=52, mild=21, error_ratio=2.18x)
2026-03-05 19:33:32 | INFO     | pipeline |   2011-05: SEVERE (severe=58, mild=20, error_ratio=1.97x)
2026-03-05 19:33:33 | INFO     | pipeline |   2011-06: SEVERE (severe=55, mild=21, error_ratio=2.12x)
2026-03-05 19:33:33 | INFO     | pipeline |   2011-07: SEVERE (severe=60, mild=21, error_ratio=2.04x)
2026-03-05 19:33:33 | INFO     | pipeline |   2011-08: SEVERE (severe=59, mild=21, error_ratio=2.10x)
2026-03-05 19:33:33 | INFO     | pipeline |   2011-09: SEVERE (severe=59, mild=21, error_ratio=2.39x)
2026-03-05 19:33:33 | INFO     | pipeline |   2011-10: SEVERE (severe=59, mild=22, error_ratio=2.09x)
2026-03-05 19:33:33 | INFO     | pipeline |   2011-11: SEVERE (severe=59, mild=21, error_ratio=3.48x)
2026-03-05 19:33:33 | INFO     | pipeline |   2011-12: SEVERE (severe=66, mild=12, error_ratio=4.84x)
2026-03-05 19:33:34 | INFO     | pipeline |   2012-01: SEVERE (severe=69, mild=12, error_ratio=2.85x)
2026-03-05 19:33:34 | INFO     | pipeline |   2012-02: SEVERE (severe=65, mild=16, error_ratio=3.68x)
2026-03-05 19:33:34 | INFO     | pipeline |   2012-03: SEVERE (severe=58, mild=19, error_ratio=3.29x)
2026-03-05 19:33:34 | INFO     | pipeline |   2012-04: SEVERE (severe=57, mild=20, error_ratio=3.33x)
2026-03-05 19:33:34 | INFO     | pipeline |   2012-05: SEVERE (severe=59, mild=20, error_ratio=4.74x)
2026-03-05 19:33:34 | INFO     | pipeline |   2012-06: SEVERE (severe=62, mild=20, error_ratio=6.25x)
2026-03-05 19:33:34 | INFO     | pipeline |   2012-07: SEVERE (severe=65, mild=18, error_ratio=3.44x)
2026-03-05 19:33:34 | INFO     | pipeline |   2012-08: SEVERE (severe=61, mild=22, error_ratio=3.63x)
2026-03-05 19:33:35 | INFO     | pipeline |   2012-09: SEVERE (severe=59, mild=21, error_ratio=3.41x)
2026-03-05 19:33:35 | INFO     | pipeline |   2012-10: SEVERE (severe=58, mild=21, error_ratio=3.40x)
2026-03-05 19:33:35 | INFO     | pipeline | [5/7] Simulating months done in 2s
2026-03-05 19:33:35 | INFO     | pipeline | [6/7] Generating summary
2026-03-05 19:33:35 | INFO     | pipeline | Final Severity: SEVERE | Phase 2 required: Retrain model immediately
2026-03-05 19:33:35 | INFO     | pipeline | [6/7] Generating summary done in 0s
2026-03-05 19:33:35 | INFO     | pipeline | [7/7] Saving results
2026-03-05 19:33:35 | INFO     | pipeline | All results saved
2026-03-05 19:33:35 | INFO     | pipeline | [7/7] Saving results done in 0s
2026-03-05 19:33:35 | INFO     | pipeline | PHASE 1 COMPLETE in 102s | Severity: SEVERE
2026-03-05 19:33:35 | INFO     | __main__ | Final Drift Severity: SEVERE
2026-03-05 19:33:35 | INFO     | __main__ | Recommendation: Phase 2 required: Retrain model immediately
2026-03-05 20:57:17 | INFO     | pipeline | ============================================================
2026-03-05 20:57:17 | INFO     | pipeline | PHASE 1: SELF-HEALING DEMAND FORECASTING SYSTEM
2026-03-05 20:57:17 | INFO     | pipeline | ============================================================
2026-03-05 20:57:17 | INFO     | pipeline | [1/7] Loading data
2026-03-05 20:57:17 | INFO     | data_loader | Loaded 6435 rows, 8 columns
2026-03-05 20:57:17 | INFO     | data_loader | Stores: 45 | Missing: 0
2026-03-05 20:57:17 | INFO     | pipeline | [1/7] Loading data done in 0s
2026-03-05 20:57:17 | INFO     | pipeline | [2/7] Splitting data
2026-03-05 20:57:17 | INFO     | data_loader | Train: 2385 | Test: 4050 | Cutoff: 2011-02-05
2026-03-05 20:57:17 | INFO     | pipeline | [2/7] Splitting data done in 0s
2026-03-05 20:57:17 | INFO     | pipeline | [3/7] Feature engineering
2026-03-05 20:57:17 | INFO     | pipeline | Features: 48 | Train rows: 2385 | Test rows: 4050
2026-03-05 20:57:17 | INFO     | pipeline | [3/7] Feature engineering done in 0s
2026-03-05 20:57:17 | INFO     | pipeline | [4/7] Training model
2026-03-05 20:59:02 | INFO     | model_trainer | Best params: {'n_estimators': 200, 'min_samples_split': 2, 'min_samples_leaf': 1, 'min_impurity_decrease': 0.0001, 'max_features': 0.7, 'max_depth': 30}
2026-03-05 20:59:10 | INFO     | pipeline | ============================================================
2026-03-05 20:59:10 | INFO     | pipeline | PHASE 1: SELF-HEALING DEMAND FORECASTING SYSTEM
2026-03-05 20:59:10 | INFO     | pipeline | ============================================================
2026-03-05 20:59:10 | INFO     | pipeline | [1/7] Loading data
2026-03-05 20:59:10 | INFO     | data_loader | Loaded 6435 rows, 8 columns
2026-03-05 20:59:10 | INFO     | data_loader | Stores: 45 | Missing: 0
2026-03-05 20:59:10 | INFO     | pipeline | [1/7] Loading data done in 0s
2026-03-05 20:59:10 | INFO     | pipeline | [2/7] Splitting data
2026-03-05 20:59:10 | INFO     | data_loader | Train: 2385 | Test: 4050 | Cutoff: 2011-02-05
2026-03-05 20:59:10 | INFO     | pipeline | [2/7] Splitting data done in 0s
2026-03-05 20:59:10 | INFO     | pipeline | [3/7] Feature engineering
2026-03-05 20:59:11 | INFO     | pipeline | Features: 48 | Train rows: 2385 | Test rows: 4050
2026-03-05 20:59:11 | INFO     | pipeline | [3/7] Feature engineering done in 0s
2026-03-05 20:59:11 | INFO     | pipeline | [4/7] Training model
2026-03-05 20:59:14 | INFO     | model_trainer | RF MAE: 8,284 | GB MAE: 6,847 | Using: GB | Rows: 2385
2026-03-05 20:59:14 | INFO     | model_trainer | train -> RMSE:9000 MAE:6847 R2:0.9998 MAPE:0.83%
2026-03-05 20:59:15 | INFO     | model_trainer | Model saved: models/active_model.pkl | Version: v1_20260305_205914
2026-03-05 20:59:15 | INFO     | model_trainer | Metrics saved: logs/baseline_metrics.json
2026-03-05 20:59:15 | INFO     | drift_detector | Dynamic thresholds set for 48 features
2026-03-05 20:59:16 | INFO     | model_trainer | CI Coverage: 100.00% | Avg Width: 142,747
2026-03-05 20:59:16 | INFO     | drift_detector | Baseline set: 48 features
2026-03-05 20:59:16 | INFO     | pipeline | [4/7] Training model done in 118s
2026-03-05 20:59:16 | INFO     | pipeline | [5/7] Simulating months
2026-03-05 20:59:16 | INFO     | pipeline | Simulating 21 months...
2026-03-05 20:59:16 | INFO     | pipeline |   2011-02: SEVERE (severe=74, mild=10, error_ratio=2.68x)
2026-03-05 20:59:16 | INFO     | pipeline |   2011-03: SEVERE (severe=51, mild=23, error_ratio=2.32x)
2026-03-05 20:59:17 | INFO     | pipeline |   2011-04: SEVERE (severe=52, mild=21, error_ratio=2.11x)
2026-03-05 20:59:17 | INFO     | pipeline |   2011-05: SEVERE (severe=59, mild=19, error_ratio=1.94x)
2026-03-05 20:59:17 | INFO     | pipeline |   2011-06: SEVERE (severe=56, mild=20, error_ratio=1.90x)
2026-03-05 20:59:18 | INFO     | pipeline |   2011-07: SEVERE (severe=60, mild=21, error_ratio=1.93x)
2026-03-05 20:59:19 | INFO     | pipeline |   2011-08: SEVERE (severe=59, mild=21, error_ratio=2.02x)
2026-03-05 20:59:19 | INFO     | pipeline |   2011-09: SEVERE (severe=58, mild=22, error_ratio=2.18x)
2026-03-05 20:59:20 | INFO     | pipeline |   2011-10: SEVERE (severe=59, mild=22, error_ratio=2.03x)
2026-03-05 20:59:22 | INFO     | pipeline |   2011-11: SEVERE (severe=58, mild=22, error_ratio=3.56x)
2026-03-05 20:59:23 | INFO     | pipeline |   2011-12: SEVERE (severe=66, mild=12, error_ratio=4.76x)
2026-03-05 20:59:24 | INFO     | pipeline |   2012-01: SEVERE (severe=69, mild=12, error_ratio=2.70x)
2026-03-05 20:59:26 | INFO     | pipeline |   2012-02: SEVERE (severe=64, mild=17, error_ratio=3.70x)
2026-03-05 20:59:26 | INFO     | pipeline |   2012-03: SEVERE (severe=58, mild=19, error_ratio=3.41x)
2026-03-05 20:59:27 | INFO     | pipeline |   2012-04: SEVERE (severe=57, mild=20, error_ratio=3.27x)
2026-03-05 20:59:29 | INFO     | pipeline |   2012-05: SEVERE (severe=60, mild=19, error_ratio=4.89x)
2026-03-05 20:59:30 | INFO     | pipeline |   2012-06: SEVERE (severe=62, mild=20, error_ratio=6.32x)
2026-03-05 20:59:31 | INFO     | pipeline |   2012-07: SEVERE (severe=65, mild=18, error_ratio=3.52x)
2026-03-05 20:59:32 | INFO     | pipeline |   2012-08: SEVERE (severe=61, mild=22, error_ratio=3.57x)
2026-03-05 20:59:33 | INFO     | pipeline |   2012-09: SEVERE (severe=60, mild=20, error_ratio=3.12x)
2026-03-05 20:59:34 | INFO     | pipeline |   2012-10: SEVERE (severe=59, mild=20, error_ratio=3.19x)
2026-03-05 20:59:34 | INFO     | pipeline | [5/7] Simulating months done in 17s
2026-03-05 20:59:34 | INFO     | pipeline | [6/7] Generating summary
2026-03-05 20:59:34 | INFO     | pipeline | Final Severity: SEVERE | Phase 2 required: Retrain model immediately
2026-03-05 20:59:34 | INFO     | pipeline | [6/7] Generating summary done in 0s
2026-03-05 20:59:34 | INFO     | pipeline | [7/7] Saving results
2026-03-05 20:59:34 | INFO     | log_book | All logs saved
2026-03-05 20:59:34 | INFO     | pipeline | All results saved
2026-03-05 20:59:34 | INFO     | pipeline | [7/7] Saving results done in 0s
2026-03-05 20:59:34 | INFO     | pipeline | PHASE 1 COMPLETE in 137s | Severity: SEVERE
2026-03-05 20:59:34 | INFO     | __main__ | Final Drift Severity: SEVERE
2026-03-05 20:59:34 | INFO     | __main__ | Recommendation: Phase 2 required: Retrain model immediately
2026-03-05 21:00:55 | INFO     | model_trainer | Best params: {'n_estimators': 200, 'min_samples_split': 2, 'min_samples_leaf': 1, 'min_impurity_decrease': 0.0001, 'max_features': 0.7, 'max_depth': 30}
2026-03-05 21:01:03 | INFO     | model_trainer | RF MAE: 8,284 | GB MAE: 6,847 | Using: GB | Rows: 2385
2026-03-05 21:01:03 | INFO     | model_trainer | train -> RMSE:9000 MAE:6847 R2:0.9998 MAPE:0.83%
2026-03-05 21:01:03 | INFO     | model_trainer | Model saved: models/active_model.pkl | Version: v1_20260305_210103
2026-03-05 21:01:03 | INFO     | model_trainer | Metrics saved: logs/baseline_metrics.json
2026-03-05 21:01:03 | INFO     | drift_detector | Dynamic thresholds set for 48 features
2026-03-05 21:01:04 | INFO     | model_trainer | CI Coverage: 100.00% | Avg Width: 142,747
2026-03-05 21:01:04 | INFO     | drift_detector | Baseline set: 48 features
2026-03-05 21:01:04 | INFO     | pipeline | [4/7] Training model done in 113s
2026-03-05 21:01:04 | INFO     | pipeline | [5/7] Simulating months
2026-03-05 21:01:04 | INFO     | pipeline | Simulating 21 months...
2026-03-05 21:01:04 | INFO     | pipeline |   2011-02: SEVERE (severe=74, mild=10, error_ratio=2.68x)
2026-03-05 21:01:04 | INFO     | pipeline |   2011-03: SEVERE (severe=51, mild=23, error_ratio=2.32x)
2026-03-05 21:01:04 | INFO     | pipeline |   2011-04: SEVERE (severe=52, mild=21, error_ratio=2.11x)
2026-03-05 21:01:05 | INFO     | pipeline |   2011-05: SEVERE (severe=59, mild=19, error_ratio=1.94x)
2026-03-05 21:01:05 | INFO     | pipeline |   2011-06: SEVERE (severe=56, mild=20, error_ratio=1.90x)
2026-03-05 21:01:05 | INFO     | pipeline |   2011-07: SEVERE (severe=60, mild=21, error_ratio=1.93x)
2026-03-05 21:01:05 | INFO     | pipeline |   2011-08: SEVERE (severe=59, mild=21, error_ratio=2.02x)
2026-03-05 21:01:06 | INFO     | pipeline |   2011-09: SEVERE (severe=58, mild=22, error_ratio=2.18x)
2026-03-05 21:01:06 | INFO     | pipeline |   2011-10: SEVERE (severe=59, mild=22, error_ratio=2.03x)
2026-03-05 21:01:06 | INFO     | pipeline |   2011-11: SEVERE (severe=58, mild=22, error_ratio=3.56x)
2026-03-05 21:01:06 | INFO     | pipeline |   2011-12: SEVERE (severe=66, mild=12, error_ratio=4.76x)
2026-03-05 21:01:06 | INFO     | pipeline |   2012-01: SEVERE (severe=69, mild=12, error_ratio=2.70x)
2026-03-05 21:01:07 | INFO     | pipeline |   2012-02: SEVERE (severe=64, mild=17, error_ratio=3.70x)
2026-03-05 21:01:07 | INFO     | pipeline |   2012-03: SEVERE (severe=58, mild=19, error_ratio=3.41x)
2026-03-05 21:01:07 | INFO     | pipeline |   2012-04: SEVERE (severe=57, mild=20, error_ratio=3.27x)
2026-03-05 21:01:07 | INFO     | pipeline |   2012-05: SEVERE (severe=60, mild=19, error_ratio=4.89x)
2026-03-05 21:01:07 | INFO     | pipeline |   2012-06: SEVERE (severe=62, mild=20, error_ratio=6.32x)
2026-03-05 21:01:08 | INFO     | pipeline |   2012-07: SEVERE (severe=65, mild=18, error_ratio=3.52x)
2026-03-05 21:01:08 | INFO     | pipeline |   2012-08: SEVERE (severe=61, mild=22, error_ratio=3.57x)
2026-03-05 21:01:08 | INFO     | pipeline |   2012-09: SEVERE (severe=60, mild=20, error_ratio=3.12x)
2026-03-05 21:01:08 | INFO     | pipeline |   2012-10: SEVERE (severe=59, mild=20, error_ratio=3.19x)
2026-03-05 21:01:08 | INFO     | pipeline | [5/7] Simulating months done in 4s
2026-03-05 21:01:08 | INFO     | pipeline | [6/7] Generating summary
2026-03-05 21:01:08 | INFO     | pipeline | Final Severity: SEVERE | Phase 2 required: Retrain model immediately
2026-03-05 21:01:08 | INFO     | pipeline | [6/7] Generating summary done in 0s
2026-03-05 21:01:08 | INFO     | pipeline | [7/7] Saving results
2026-03-05 21:01:08 | INFO     | log_book | All logs saved
2026-03-05 21:01:08 | INFO     | pipeline | All results saved
2026-03-05 21:01:08 | INFO     | pipeline | [7/7] Saving results done in 0s
2026-03-05 21:01:08 | INFO     | pipeline | PHASE 1 COMPLETE in 118s | Severity: SEVERE
2026-03-05 21:01:08 | INFO     | __main__ | Final Drift Severity: SEVERE
2026-03-05 21:01:08 | INFO     | __main__ | Recommendation: Phase 2 required: Retrain model immediately
2026-03-05 21:22:52 | INFO     | pipeline | ============================================================
2026-03-05 21:22:52 | INFO     | pipeline | PHASE 1: SELF-HEALING DEMAND FORECASTING SYSTEM
2026-03-05 21:22:52 | INFO     | pipeline | ============================================================
2026-03-05 21:22:52 | INFO     | pipeline | [1/7] Loading data
2026-03-05 21:22:52 | INFO     | data_loader | Loaded 6435 rows, 8 columns
2026-03-05 21:22:52 | INFO     | data_loader | Stores: 45 | Missing: 0
2026-03-05 21:22:52 | INFO     | pipeline | [1/7] Loading data done in 0s
2026-03-05 21:22:52 | INFO     | pipeline | [2/7] Splitting data
2026-03-05 21:22:52 | INFO     | data_loader | Train: 2385 | Test: 4050 | Cutoff: 2011-02-05
2026-03-05 21:22:52 | INFO     | pipeline | [2/7] Splitting data done in 0s
2026-03-05 21:22:52 | INFO     | pipeline | [3/7] Feature engineering
2026-03-05 21:22:52 | INFO     | pipeline | Features: 48 | Train rows: 2385 | Test rows: 4050
2026-03-05 21:22:52 | INFO     | pipeline | [3/7] Feature engineering done in 0s
2026-03-05 21:22:52 | INFO     | pipeline | [4/7] Training model
2026-03-05 21:24:21 | INFO     | model_trainer | Best params: {'n_estimators': 200, 'min_samples_split': 2, 'min_samples_leaf': 1, 'min_impurity_decrease': 0.0001, 'max_features': 0.7, 'max_depth': 30}
2026-03-05 21:24:28 | INFO     | model_trainer | RF MAE: 8,284 | GB MAE: 6,847 | Using: GB | Rows: 2385
2026-03-05 21:24:28 | INFO     | model_trainer | train -> RMSE:9000 MAE:6847 R2:0.9998 MAPE:0.83%
2026-03-05 21:24:28 | INFO     | model_trainer | Model saved: models/active_model.pkl | Version: v1_20260305_212428
2026-03-05 21:24:28 | INFO     | model_trainer | Metrics saved: logs/baseline_metrics.json
2026-03-05 21:24:28 | INFO     | drift_detector | Dynamic thresholds set for 48 features
2026-03-05 21:24:29 | INFO     | model_trainer | CI Coverage: 100.00% | Avg Width: 142,747
2026-03-05 21:24:29 | INFO     | drift_detector | Baseline set: 48 features
2026-03-05 21:24:29 | INFO     | pipeline | [4/7] Training model done in 96s
2026-03-05 21:24:29 | INFO     | pipeline | [5/7] Simulating months
2026-03-05 21:24:29 | INFO     | pipeline | Simulating 21 months...
2026-03-05 21:24:29 | INFO     | pipeline |   2011-02: SEVERE (severe=74, mild=10, error_ratio=2.68x)
2026-03-05 21:24:29 | INFO     | pipeline |   2011-03: SEVERE (severe=51, mild=23, error_ratio=2.32x)
2026-03-05 21:24:29 | INFO     | pipeline |   2011-04: SEVERE (severe=52, mild=21, error_ratio=2.11x)
2026-03-05 21:24:30 | INFO     | pipeline |   2011-05: SEVERE (severe=59, mild=19, error_ratio=1.94x)
2026-03-05 21:24:30 | INFO     | pipeline |   2011-06: SEVERE (severe=56, mild=20, error_ratio=1.90x)
2026-03-05 21:24:30 | INFO     | pipeline |   2011-07: SEVERE (severe=60, mild=21, error_ratio=1.93x)
2026-03-05 21:24:30 | INFO     | pipeline |   2011-08: SEVERE (severe=59, mild=21, error_ratio=2.02x)
2026-03-05 21:24:30 | INFO     | pipeline |   2011-09: SEVERE (severe=58, mild=22, error_ratio=2.18x)
2026-03-05 21:24:30 | INFO     | pipeline |   2011-10: SEVERE (severe=59, mild=22, error_ratio=2.03x)
2026-03-05 21:24:30 | INFO     | pipeline |   2011-11: SEVERE (severe=58, mild=22, error_ratio=3.56x)
2026-03-05 21:24:31 | INFO     | pipeline |   2011-12: SEVERE (severe=66, mild=12, error_ratio=4.76x)
2026-03-05 21:24:31 | INFO     | pipeline |   2012-01: SEVERE (severe=69, mild=12, error_ratio=2.70x)
2026-03-05 21:24:31 | INFO     | pipeline |   2012-02: SEVERE (severe=64, mild=17, error_ratio=3.70x)
2026-03-05 21:24:31 | INFO     | pipeline |   2012-03: SEVERE (severe=58, mild=19, error_ratio=3.41x)
2026-03-05 21:24:31 | INFO     | pipeline |   2012-04: SEVERE (severe=57, mild=20, error_ratio=3.27x)
2026-03-05 21:24:31 | INFO     | pipeline |   2012-05: SEVERE (severe=60, mild=19, error_ratio=4.89x)
2026-03-05 21:24:32 | INFO     | pipeline |   2012-06: SEVERE (severe=62, mild=20, error_ratio=6.32x)
2026-03-05 21:24:32 | INFO     | pipeline |   2012-07: SEVERE (severe=65, mild=18, error_ratio=3.52x)
2026-03-05 21:24:32 | INFO     | pipeline |   2012-08: SEVERE (severe=61, mild=22, error_ratio=3.57x)
2026-03-05 21:24:32 | INFO     | pipeline |   2012-09: SEVERE (severe=60, mild=20, error_ratio=3.12x)
2026-03-05 21:24:32 | INFO     | pipeline |   2012-10: SEVERE (severe=59, mild=20, error_ratio=3.19x)
2026-03-05 21:24:32 | INFO     | pipeline | [5/7] Simulating months done in 3s
2026-03-05 21:24:32 | INFO     | pipeline | [6/7] Generating summary
2026-03-05 21:24:32 | INFO     | pipeline | Final Severity: SEVERE | Phase 2 required: Retrain model immediately
2026-03-05 21:24:32 | INFO     | pipeline | [6/7] Generating summary done in 0s
2026-03-05 21:24:32 | INFO     | pipeline | [7/7] Saving results
2026-03-05 21:24:32 | INFO     | log_book | All logs saved
2026-03-05 21:24:32 | INFO     | pipeline | All results saved
2026-03-05 21:24:32 | INFO     | pipeline | [7/7] Saving results done in 0s
2026-03-05 21:24:32 | INFO     | pipeline | PHASE 1 COMPLETE in 100s | Severity: SEVERE
2026-03-05 21:24:32 | INFO     | __main__ | Final Drift Severity: SEVERE
2026-03-05 21:24:32 | INFO     | __main__ | Recommendation: Phase 2 required: Retrain model immediately
